@0/ b1\ a2/
@0+ b1/ c1/ a0+
@0+ b1+ c1/ c0/ b0/ d2+ c4/
@0+ b1+ b0/ @2+ c3\
@0+ b1+ b0/ @2+ c3\ d3\ d4\
@0+ b1+ b0/ @2+ c3\ d2\ e2\
@0+ b1+ b0/ @2+ c3\ d2\ e2\ e3\ e0/


