@0/ b1+ c1/ a0/
@0/ b1+ c1/ b2r
@0/ a2+ a3l a1d
@0/ a2+ a3l  b2d
#
@0/ A1D B1R A1S B1R
@0/ a1d b1r  1as a2d
@0/ a1d  a2l b3s c2u
@0/ a1d  a2l  c2+ b3l
#
@0/ @1/ @1/ @1/ @1/
@0/ 1ar 1ar 1ar 1ar
a1c a1d b1r a1s  1al
a1c a1d b1r 1as a1u
a1c a1d  a2l b3s c3d
a1c a1d  a2l  c2s c3r
a1s b1u a1d a1d
a1s b1u a1d  d1u
a1c  a2s a3l 1ar
a1c  a2s a3l  a4l
a1s  b1d a1u a1u
a1s  b1d a1u  d1d
