@0/ b1+ c1/ a0/
