@0/ B1\ A2+
a1c a1d b1l
@0+ A0+ A3+ A0+
@0+ A2+ A0+ A0+
@0/ @1/ A2/ @1+
@0/ @1/ A2/ A0+
@0/ B1+ C1/ A0/
@0/ a2+ a3l a1d
@0/ a2+ a3l b2d
@0/ b1+ c1/ b2r
a1c a2s a3l 1ar
a1c a2s a3l a4l
a1s b1d a1u a1u
a1s b1d a1u d1d
a1s b1u a1d a1d
a1s b1u a1d d1u
@0+ A0+ A0+ A0+ 
@0+ A0+ A0+ A0\ @4/
@0+ A0/ B2/ A3L @1/
@0+ a0/ b2/ a3l a0/
@0/ 1ar 1ar 1ar 1ar
@0/ @1/ @1/ @1/ @1/
@0/ @1/ A2/ C2+ B3\
@0/ A0/ @2+ C1+ A0/
@0/ A0/ A3/ B1+ @1/
@0/ A1D B1R A1S B1R
@0/ a1d a2l b3s c2u
@0/ a1d b1r 1as a2d
a1c a1d a2l b3s c3d
a1c a1d a2l c2s c3r
a1c a1d b1r 1as a1u
a1c a1d b1r a1s b0/
a1c @1/ b1r A0+ @1\ 
a1c a1d b1r a1s  1al
@0+ A0/ A3\ B1/ B0/ C2/
@0+ A0/ A3\ B2/ C2/ C4+
@0+ B1+ C1/ @1\ B2+ B3\
@0+ B1+ C1/ @1\ B2\ A0+
@0+ B1+ C1/ @1\ B2\ B0\
@0+ B1+ C1/ C0/ B0/ @3+
@0+ B1+ C1/ C0/ B0/ D2+
@0+ B1/ B0/ C1+ A0/ @2/
@0/ @1/ @1/ @1/ C0+ B3\
@0/ @1/ @1/ B2\ D1/ @1/
@0/ @1/ @1/ B2\ D1/ C2+
@0/ @1/ @1/ B2\ D1/ E1/
@0/ @1/ @1/ C2+ C0/ D3\
@0/ @1/ B0+ @2+ A0/ @1/
@0/ @1/ B0+ @2+ A0/ @2+
@0/ @1/ C1/ B2+ D1/ B0\
@0/ @1/ C1/ B2+ D1/ C0/
a1s B1+ a2s A0/ a0/ C2\
@0/ @1/ B0+ B3/ C2+ A0/ 
@0/ @1/ a2l B0\ @2+  A1\
@0+ A0/ @1/ C2/ @2/ B3\ C0\
@0+ B1+ A0/ A3/ A4/ @4\ C3+
@0+ B1+ B0+ @2\ B1\ A3\ D1\
@0+ B1+ B0+ @2\ C0\ D2\ B1+
@0+ B1+ C1/ @1\ B2\ B0+ C1/
@0+ b1s B0\ b3r C3\ b4l a3+
@0+ b1s B0\ b3r C3\ b4l b5/
@0+ b1s B0\ b3r C3\ b4l d2/
@0+ b1s C1/ a0+ D2\ c3/ B4\
@0/ @1+ A0+ @1\ A0\ D2/ C1+
@0/ @1/ @1/ D1/ D0/ D3+ E2/
@0/ @1/ @1/ D1/ D0/ D3+ E3\
@0/ @1/ A0/ @1/ A0/ @2/ B3+
@0/ @1/ A2/ C2/ D2+ E2\ E3\
@0/ @1/ B0/ @1+ B0\ @2/ E3+
@0/ @1/ B0/ @1+ C0/ D1/ C0/
@0/ @1/ B0/ @1+ C0/ D1/ C0\
@0/ @1/ B2/ C1/ C3+ D2\ @1+
@0/ B1+ C1/ C0/ D2\ D3\ D4\
@0/ B1\ A2/ A3/ A0\ @3+ C3+
@0+ a0/ @1+ @1\ a0\ c0\ b1\ 
@0+ b1+ c1/ c0/ @2+ c0\ b2+ 
@0+ @1\ C1\ A0\ A0+ A0/ A0/ @3\
@0+ A0+ A3+ A4\ B4\ A0/ B1/ C3/
@0+ A0/ @1/ B3/ C2\ D1/ D0/ @4/
@0+ A0/ A0/ A4+ @2\ A3+ C2\ C0+
@0+ B1+ B0+ C1\ @2/ C3\ C4\ @2/
@0+ B1+ B0\ A3/ A4/ A5/ B3+ @4\
@0+ B1+ C1/ C0/ B0/ D2\ C4\ D3+
@0+ B1+ C1/ D1/ B2\ D0/ E1/ D0\
@0+ B1+ C1\ B0/ B0/ D2+ E1\ B0/
@0+ B1/ @1/ C0+ @2\ A1\ C0/ C0/
@0+ a0+ @1+ b0+ @2+ c0/ b1/ c0/
@0/ @1/ @1/ B0/ D2+ @1\ A0\ B1+
@0/ @1/ @1/ C2+ C0/ D3\ B0+ E2/
@0/ @1/ B0+ A0/ A0/ C2\ @1+ A0\
@0/ @1/ B2/ C1/ @1+ E2\ E3\ D3+
@0/ @1/ B2/ C1/ @1+ E2\ E3\ E4\
@0/ A0/ @2+ C1+ B0\ D2\ A4/ B4+
@0/ A0/ @2+ C1+ B0\ D2\ A4\ B0\
@0/ B1\ A2/ A3/ @1+ A4/ @4/ E1\
@0/ B1\ A2/ A3/ @1+ D1\ D0\ D0\
a1c @1/ a0/ B3\ c2/ A4/ a4d @4+
a1c @1/ b0+ B3\ c2/ @3/ b4\ B5\
a1c B1+ c1u @1+ B2\ B0\ @2\ A1\
a1c B1\ b2\ @1/ b1s A3\ d2u @3/
a1c B1\ b2\ @1/ b1s A3\ d2u C1+
a1c B1\ b2\ @1/ b1s A3\ d2u a4/
@0+ a0+ @1\ b0+ c1/ @1/ a0/ b1/ 
@0+ A0+ A0+ A0\ A0\ B2\ @1\ A0\ @2/
@0+ A0/ @1/ A3\ @3\ C0/ D3\ B0\ A3/
@0+ A0/ @1/ A3\ A4\ B0/ C1/ C0/ D2\
@0+ A0/ A3\ B1/ @3+ B0+ D3+ B5\ B0/
@0+ A0/ A3\ B1/ B0/ C4+ A5\ @3/ E2+
@0+ A0/ B2+ A3/ A0/ @3\ D1/ D0/ @2/
@0+ A0/ B2+ A3/ A0/ @3\ D1/ D0/ @3+
@0+ A0/ B2+ A3/ A0/ @3\ D1/ D0/ A1/
@0+ A0/ B2+ A3/ A0/ @3\ D1/ D0/ B1+
@0+ A0/ B2+ A3/ A0/ @3\ D1/ D0/ D0+
@0+ A0/ B2+ A3/ A0/ @3\ D1/ D0/ D0/
@0+ A0/ B2+ A3/ A0/ @3\ D1/ D0/ E1/
@0+ A0/ B2+ A3/ A0/ @3\ D1/ D0/ E3\
@0+ A0\ @2+ A3/ A0/ @3\ D1/ D0/ @2+
@0+ B1+ B0+ @2\ C3+ D1\ A1\ @1\ B0/
@0+ B1+ B0+ A3+ C1\ @2\ A1\ @1\ B0/
@0+ B1+ B0+ A3+ C1\ @2\ A1\ @1\ C0/
@0+ B1+ B0/ A3\ B0/ A5+ B5+ B6\ C5\
@0+ B1+ C1/ @1\ A0+ @1\ A0\ A0+ C1\
@0+ B1+ C1/ @1\ B2\ B0+ C1/ C0/ D1/
@0+ B1+ C1/ C0/ B0/ D3/ D4/ A1/ C1+
@0+ B1+ C1/ D1/ B2\ A0/ C0+ E2\ B5\
@0+ a0+ @1\ b0+ c1/ c0/ @2\ a1\ c0/
@0/ @1/ @1/ @1/ C0+ A3/ E3\ E4\ C4\
@0/ @1/ @1/ B0+ @2/ D3+ C0/ @2+ A1\
@0/ @1/ @1/ B2+ D1+ C0+ C4+ D1+ E2+
@0/ @1/ @1/ B2+ D1+ C0+ D4/ E2+ E3+
@0/ @1/ @1/ D1/ A0\ @1\ @1\ D3+ D0/
@0/ @1/ @1/ D1/ A0\ @1\ C3\ C0+ B0+
@0/ @1/ A2+ C1/ C3/ D3+ C0/ E3\ C0/
@0/ @1/ A2/ A3+ @1+ B0\ @2/ E4\ D5+
@0/ @1/ A2/ C2+ A3/ @3/ D4+ A0+ @1\
@0/ @1/ B0+ B3/ A3/ C3+ A4/ @4/ B5\
@0/ @1/ B0/ @1+ C0/ D1/ A0+ E4+ C5/
@0/ @1/ B0/ @1+ C0/ D1/ A0+ E4+ D5/
@0/ @1/ B0/ @2+ A0/ @1/ A0/ @1/ A0/
@0/ @1/ B0/ A0+ @3/ A4/ @1+ E4+ C5/
@0/ @1/ B0/ A0+ @3/ A4/ @1+ E4+ D5/
@0/ @1/ B2/ C1+ B0/ A0+ @1\ A0\ @2/
@0/ @1/ C1/ B2+ D1/ A0+ @1\ @1\ C0/
@0/ @1/ C1/ B2+ D1/ A0+ B4\ E1\ A0/
@0/ @1/ a0/ a3+ a4+ c2+ d2\ B4+ @3+
@0/ @1/ b0+ @1/ a2+ @1\ b0/ d4\ e3+
@0/ @1/ b0+ b3\ c1\ a4/ @2/ a0\ @2+
@0/ A0/ @2+ C1+ B0\ D2\ A4\ D5+ E5\
@0/ A0/ @2/ A0+ @2\ B0/ B0/ B0/ @5/
@0/ A0/ @2/ A0+ @2\ B0/ B0/ B0/ @6+
@0/ A0/ @2/ A0+ @2\ B0/ B0/ B0/ A1/
@0/ A0/ @2/ A0+ @2\ B0/ B0/ B0/ A2/
@0/ A0/ @2/ A0+ @2\ B0/ B0/ B0/ A3/
@0/ A0/ B1+ C1/ @1/ B0/ A0+ @2\ @2\
@0/ B1+ C1/ C0+ C0/ D1+ E1\ D3+ @3\
@0/ B1+ C1/ C0\ B1+ @2/ A1/ E1\ C3\
@0/ a1d B0/ a1s B0\ b1l A1\ a3d C0+
@0/ b1\ a2/ @1/ c0/ d2\ c3\ b4/ @2+
@0+ A0+ A0+ @1+ B0+ C1+ B0+ C1+ B0+ A1+
@0+ A0+ A0+ A0\ A0\ B2\ @3/ @3/ @1+ A0\
@0+ A0+ A0+ A0\ B1\ A0\ @3/ @3/ @1+ A0\
@0+ A0+ A0\ A4+ A0\ B2\ @3/ @2+ E1+ E0/
@0+ A0+ A0\ A4+ B1\ A0\ @3/ @2+ E1+ E0/
@0+ A0/ A0/ A4+ @2\ A3+ C2\ @2/ C5\ D5\
@0+ A0/ A3\ B1/ @1+ B4/ A2/ @1\ D0+ C6/
@0+ A0\ A3/ @3/ B4/ B5/ A5/ @1+ D5+ B6/
@0+ B1+ B0+ A3\ B0\ A1\ B0\ A6/ @6/ D3\
@0+ B1+ B0+ A3\ B0\ A1\ B0\ C2+ @2+ A1\
@0+ B1+ C1/ @1\ B2\ A0+ B4\ B5\ D4+ E2/
@0+ B1+ C1/ @1\ B2\ B0+ D1/ C0/ B5\ B0\
@0+ B1+ C1/ @1\ B2\ B0+ D1/ C0/ B5\ B6\
@0+ B1+ C1/ C0/ B0/ A4\ A5\ A6\ @6+ D1/
@0+ B1+ C1/ C0/ B0/ A4\ A5\ D2+ @4/ D1/
@0+ B1+ C1/ C0/ B0/ D3/ C4+ B0/ C1\ C6\
@0+ B1+ C1/ C0/ B0/ D3/ C4+ B0/ C1\ E4+
@0+ B1+ C1/ D1/ B2\ D0/ E1/ B0+ E5+ F5\
@0+ B1+ C1/ D1/ B2\ D0/ E1/ B0+ F4+ F5\
@0+ B1+ C1/ D1/ B2\ D0/ E1/ C0\ F4+ F5\
@0+ a0/ @1/ b0/ c1/ d1+ a0+ @3/ d0/ e2+
@0+ a0/ a0+ b1\ c3\ a4\ d2/ c1+ c0/ d2/
@0/ @1/ @1/ @1/ C0+ A3/ @3/ D4+ @1+ B0/
@0/ @1/ @1/ @1/ C0+ A3/ @3/ D4+ @1+ C0/
@0/ @1/ @1/ C2+ C0/ D3\ B0+ E2/ E1/ E0/
@0/ @1/ @1/ D1/ A0\ @1\ @1\ D3+ F0+ A3+
@0/ @1/ @1/ D1/ A0\ @1\ C0/ @1/ B0+ D0\
@0/ @1/ @1/ D1/ A0\ @1\ E3+ A0+ E0+ F2/
@0/ @1/ A0/ A3+ A4+ C2+ D2\ B4+ @4/ A2+
@0/ @1/ B0+ B3/ @1/ D3/ A2+ A3/ A0/ D2+
@0/ @1/ B0/ @1+ C0/ D1/ A0+ D5+ E2+ C0+
@0/ @1/ B0/ @1+ C0/ D1/ A0+ D5+ E2+ D0+
@0/ @1/ B0/ @1+ C0/ D1/ A0+ D5+ E2+ D0\
@0/ @1/ B0/ A0+ @3/ A4/ @1+ D5+ E2+ C0/
@0/ @1/ B2/ C2/ D2+ B3/ B0/ A0+ @2\ B4/
@0/ A0/ @1/ B0/ C1/ D3+ C4\ E1/ E0/ F3\
@0/ A0/ @2+ C1+ B0\ @2/ C0/ D2+ B1/ B5/
@0/ A0/ @2+ C1+ B0\ D2\ A4\ D5+ E2\ F2\
@0/ A0/ @2+ C1+ B0\ D2\ C4+ B0\ D2+ B0+
@0/ B1+ B0/ @2/ B1+ D2\ A3+ D4+ B5\ A4+
@0/ B1+ B0\ A0/ @3/ B4\ @1+ B0\ C0\ B7/
@0/ B1\ A2/ A3/ @1+ A4/ @3\ E1\ C0/ F1+
@0/ B1\ A2/ A3/ A4/ B2+ @1+ B0/ D2\ @4+
@0/ B1\ A2/ A3/ B2+ C2+ A4\ A0+ @1+ A0+
@0/ a2\ b2\ b1+ b3/ c2\ D2/ C4\ D4\ e3\
@0+ B1+ C1/ C0/ B0/ D3/ D4/ A2+ D2+ E2\ 
@0/ @1/ B2/ A0\ @1\ D1+ D3\ D4+ D5/ C5/ 
@0/ B1+ B0+ @2/ D1\ C0\ A2/ C4\ B0/ E5\ 
@0/ B1\ A2/ A3/ B2+ C2+ A4\ A0+ @1+ B0+ 
a1s B1+ a1u A2\ a3r @2+ e1s A0\ a2d B5/ 
a1s B1+ c1u B2\ b3r D1\ e1d D0+ a4d A5+ 
@0+ A0+ @1+ A0/ @1/ A3\ D2\ E2\ D1+ B0/ C5\
@0+ A0+ @1+ A0/ @1/ A3\ D2\ E2\ F2\ E4+ D5\
@0+ A0+ @1+ A0/ C1\ D1\ B4/ A4/ A5/ @5/ C6\
@0+ A0+ A0\ A4+ A0\ B2\ @3/ @2+ E1+ D0/ D5\
@0+ A0+ A0\ A4+ B1\ A0\ @3/ C0/ D2+ @3+ D5\
@0+ A0/ A3\ B1/ C1/ A4/ @2/ E3+ E4\ E5+ F2\
@0+ B1+ A0/ A3/ A4/ B4+ @3+ C0/ D1+ C6\ C7\
@0+ B1+ B0+ A3\ A4\ @4\ D3\ E3\ D2+ D4+ A2/
@0+ B1+ B0+ B0/ C3\ C1\ B4+ @3/ A4/ @3/ B2/
@0+ B1+ B0\ A3/ A4/ B4+ @3+ C0/ D1+ C6\ C0\
@0+ B1+ B0\ A3/ A4/ B4+ @3+ C0/ D1+ C6\ C7\
@0+ B1+ B0\ A3/ A4/ B4+ @3+ C0/ D2+ C6\ C0\
@0+ B1+ B0\ A3/ A4/ B4+ @3+ C0/ D2+ C6\ E2+
@0+ B1+ C1/ @1\ B2\ B0+ D1/ A0/ E2\ F2\ F3\
@0+ B1+ C1/ B2\ D1/ A0/ E3\ D4+ B0+ D0+ E1/
@0+ B1+ C1/ B2\ D1/ A0/ E3\ D4+ F2/ F1/ C0+
@0+ B1+ C1/ B2\ D1/ D0/ E1/ B0+ F4+ C5+ A2\
@0+ B1+ C1/ C0/ B0/ A4\ @3/ B5+ A6\ @3/ C7\
@0+ B1+ C1/ C0/ B0/ B0/ A1+ D3/ C1/ B0\ C6+
@0+ B1+ C1/ C0/ B0/ B0/ A1+ D3/ C1/ B0\ D6/
@0+ B1+ C1/ C0/ B0/ B0/ B0/ A3+ C1/ C0/ D2\
@0+ B1+ C1/ C0/ B0/ D2/ D4+ E3\ F3\ F4\ E5\
@0+ B1+ C1/ C0/ B0/ D2/ D4+ E3\ F3\ F4\ F5\
@0+ B1+ C1/ C0/ B0/ D3/ D4/ A1/ D2+ E2\ @1/
@0+ B1+ C1/ D1/ B2\ A0/ E3\ D4+ B0+ D0+ E1/
@0+ B1+ C1/ D1/ B2\ A0/ E3\ D4+ D5\ E5\ F3/
@0+ B1+ C1/ D1/ B2\ A0/ E3\ D4+ D5\ E5\ F4/
@0+ a0+ @1\ b0+ c1/ d1/ @1\ a0\ @1\ b0/ c2+
@0/ @1/ @1/ @1/ B0/ @1+ C0/ E4\ F3/ D1/ A0+
@0/ @1/ @1/ B0+ @2/ D3+ C0/ @2+ B1\ D0/ @3\
@0/ @1/ @1/ B2+ D1+ B0+ E2\ B4\ E5+ F2\ B0/
@0/ @1/ @1/ C2+ C0/ D1/ D0/ E4+ @2+ A0+ F6\
@0/ @1/ @1/ C2+ C0/ D1/ D0/ E4+ A0\ @2+ E0/
@0/ @1/ @1/ C2+ C0/ D1/ D0/ E4+ A0\ @2+ F1+
@0/ @1/ @1/ D1/ A0\ @1\ C0/ @1/ C0\ C5/ B5/
@0/ @1/ B0+ B3/ C2+ @2/ A0+ @3/ E5/ B4\ B5+
@0/ @1/ B2/ C1/ @1+ A0+ @1\ A0+ F4+ E5\ A0/
@0/ @1/ B2/ C2/ @1/ A2/ C0/ C4\ @1+ D0+ F4/
@0/ A0+ A0\ @3/ C1+ B4+ D1+ C2+ C4\ D0+ D3+
@0/ A0+ A0\ @3/ C1+ B4+ D1+ C2+ C4\ D0+ D5/
@0/ A0/ @2+ C1+ B0\ D2\ A4/ B0\ D2+ C0\ E3/
@0/ A0/ @2+ C1+ B0\ D2\ A4\ E4+ C5/ C6+ B6/
@0/ A0/ @2+ C1+ B0\ D2\ C1/ B0\ @3\ B1/ @3\
@0/ A0/ @2+ C1+ B0\ D2\ E2\ F2\ E1+ D0/ D5+
@0/ a1d @1/ c0+ A0+ @3/ A4/ @1+ F4\ f5\ G3/
a1c b1d a2/ c1+ @1\ b0/ d0/ e1+ f1\ f2+ c0/
@0/ A0/ @2+ C1+ B0\ @2/ C0/ D2+ B1/ B0/ D2+ 
@0/ B1\ A2/ A3+ B3+ A4/ @1+ @1/ C5/ E2+ C0/ 
@0+ A0+ @1+ A0/ @1/ A3\ D2\ E2\ F2\ E1+ D0/ @4/
@0+ A0+ @1\ C1/ A0\ @1\ D0+ C0/ A0+ @2\ B6+ A6/
@0+ A0+ A0+ A0\ A0\ B2\ @3/ @3/ @1+ B0\ F2+ F1/
@0+ A0+ A0+ A0\ B1\ A0\ @3/ @3/ @1+ B0\ F2+ F1/
@0+ A0+ B1/ C1/ @1/ C0\ D3/ D4/ D5/ D0/ E1/ E6/
@0+ A0/ @1/ A3\ @3\ C0/ D1/ D0/ E3\ B0+ A4+ F4+
@0+ A2/ @2\ B0/ A1+ B0/ B0/ C4+ @5\ @5\ D6/ D0/
@0+ B1+ B0+ @2\ B1\ A3\ @2\ A1\ @1\ A0\ @1\ B0/
@0+ B1+ B0+ A1\ A0\ @2+ D1\ C0+ B0/ A1/ B0+ E4/
@0+ B1+ B0+ A1\ A0\ @2+ D1\ C0+ B0/ B0/ D1\ E3+
@0+ B1+ B0+ A3\ B0\ A1\ B0\ C2+ @2+ B1+ B0\ A2\
@0+ B1+ B0+ A3\ B0\ A1\ B0\ C2+ C4\ D1/ B0+ B0/
@0+ B1+ B0+ A3\ B0\ A1\ B0\ C2+ C4\ D1/ B0+ B7+
@0+ B1+ B0+ B0/ A1/ B0/ C3\ A0\ @3/ A1+ @2\ B6\
@0+ B1+ B0+ B0/ A1/ B0/ C3\ D2+ C0+ @4/ B6/ A6/
@0+ B1+ B0/ A3\ B0/ A1+ C2+ A5/ @5/ @5/ E0/ F1/
@0+ B1+ B0/ A3\ B0/ A1+ C2+ B5\ C5\ D4\ A0+ @2/
@0+ B1+ C1/ B2\ D1/ D0/ E1/ B0+ F4+ E5/ G2/ F1+
@0+ B1+ C1/ C0/ B0/ A4\ A5\ A6\ @6+ D1/ @4\ A3\
@0+ B1+ C1/ C0/ B0/ D3/ C4+ A1/ B0/ @1+ C0/ F5/
@0+ B1+ C1/ C0/ B0/ D3/ C4+ B0/ C1/ E4+ A1+ A0\
@0+ B1+ C1/ C0/ B0/ D3/ C4+ B0/ C1/ E4+ A1+ B0/
@0+ B1+ C1/ D1/ B2\ D0/ E1/ C0\ F4+ D5/ B5\ D6\
@0/ @1/ @1/ @1/ B0/ @1+ C0/ D1/ A0+ E5\ F4/ @2\
@0/ @1/ @1/ @1/ B0/ @1+ C0/ D1/ A0+ E5\ F4/ B6/
@0/ @1/ @1/ @1/ B0/ @1+ C0/ D1/ A0+ E5\ F4/ G4/
@0/ @1/ @1/ @1/ B0/ @1+ C0/ E4\ F3/ D1/ A0+ @1\
@0/ @1/ @1/ @1/ B0/ @1+ C0/ E4\ F3/ D1/ A0+ B6/
@0/ @1/ @1/ A2/ @1\ C0+ E3\ A4\ D5+ E4\ C0/ E1\
@0/ @1/ @1/ C0+ A0+ @3/ A4/ @1+ C0/ E6+ F3\ @5/
@0/ @1/ @1/ C2+ C0/ D1/ D0/ E4+ A5/ @5/ F5\ B6+
@0/ @1/ @1/ C2+ C0/ D1/ D0/ E4+ A5/ @5/ F5\ C6/
@0/ @1/ @1/ C2+ C0/ D1/ D0/ E4+ A5/ @5/ F5\ D6/
@0/ @1/ @1/ C2+ C0/ D1/ D0/ E4+ A5/ @5/ F5\ F6+
@0/ @1/ @1/ C2+ C0/ D2\ A0+ @3/ F3\ F4\ F5\ D6+
@0/ @1/ @1/ C2+ C0/ D2\ A0+ @3/ F3\ F4\ F5\ E6+
@0/ @1/ B0+ A0/ @3+ B4\ D2\ A0+ @2\ C6/ B6/ @2\
@0/ @1/ B0+ C1+ B3/ @1/ A0/ @1/ B0/ A0/ D3/ C1\
@0/ @1/ B0+ C1\ @2+ C3+ @1/ F3\ F4\ F5\ C4\ B3+
@0/ @1/ B0+ C1\ @2+ C3+ @1/ F3\ F4\ F5\ C4\ B4+
@0/ @1/ B2/ C1/ @1+ @1\ D0+ A3\ F3+ F4\ G4\ F5/
@0/ @1/ B2/ C1/ @1+ E2\ E3\ F1/ F0/ F0+ G5\ G6+
@0/ @1/ B2/ C1/ @1+ E2\ E3\ F1/ F0/ F0/ B2+ A4/
@0/ @1/ B2/ C1/ @1+ E2\ E3\ F2/ B0+ B3+ D0/ E2+
@0/ A0/ @2+ C1+ B0\ @2/ C0/ D2+ B1/ B5\ @3/ F5\
@0/ A0/ @2+ C1+ B0\ D2\ A4/ E3+ B0/ C2+ F4+ A6/
@0/ A0/ @2+ C1+ B0\ D2\ C1/ B0\ D1+ C0/ E3+ A2/
@0/ A0/ @2+ C1+ B0\ D2\ E2\ D1+ B0+ A5\ A1\ @1\
@0/ B1+ B0+ @2/ D1\ A1/ B0/ C4\ B0/ E5\ C6\ @6+
@0/ B1+ B0+ @2/ D1\ A1/ B0/ C4\ B0/ E5\ C6\ B0/
@0/ B1+ B0+ @2/ D1\ A1/ B0/ C4\ B0/ E5\ C6\ F4/
@0/ B1+ B0+ B0+ C2\ D2\ A4\ A5\ E2\ C4+ A6\ C1+
@0/ B1+ B0+ B0+ C2\ D2\ D4/ B0\ A2\ @3/ F5\ F6\
@0/ B1+ B0/ B3/ B0/ A1/ C2+ @3+ A4/ @4/ C5\ E4+
@0/ B1+ C1/ C0+ B0/ @3/ D0/ E2\ D0/ C1/ A4/ A6+
@0/ B1+ C1/ C0\ B1+ @2/ B1\ @2\ B1+ F1\ D0/ A4\
@0/ B1+ C1/ C0\ B1+ @2/ B1\ @2\ B1+ F1\ D0/ B4+
@0/ B1+ C1/ C0\ B1+ @2/ B1\ @2\ B1+ F1\ D0/ C4+
@0/ B1+ C1/ C0\ B1+ @2/ B1\ @2\ B1+ F1\ D0/ C4/
@0/ B1+ C1/ C0\ B1+ @2/ B1\ @2\ B1+ F1\ D0/ D4+
@0/ B1+ C1/ C0\ B1+ @2/ B1\ @2\ B1+ F1\ D0/ D4/
@0/ B1+ C1/ C0\ B1+ @2/ B1\ @2\ B1+ F1\ D0/ E4\
@0/ B1+ C1/ C0\ B1+ @2/ B1\ @2\ B1+ F1\ D0/ F4+
@0/ B1\ A2/ A3/ @1+ A4/ @2+ E1\ F1\ A1+ A0\ B6/
a1s B1+ c1u @1\ b2r B0+ d1r A0/ b5r A0\ a3s F2/ 
@0+ @1+ B0+ A3\ C2+ B0+ B5+ B0/ B7/ A1\ B8\ C8\ A6+
@0+ A0+ @1+ A0/ C1\ D1\ B4/ A4/ A5/ @2+ B0/ @3\ B1+
@0+ A0/ A3\ B1/ B0/ C4+ @3/ B0+ A1\ @1+ B0/ @4/ B5+
@0+ A0/ A3\ B1/ C2+ A0\ @2/ C5+ @2\ B1+ B0\ A1\ @1+
@0+ A0/ A3\ B1/ C2+ B4+ D4/ A0\ @1\ A4/ A5/ @5/ C6\
@0+ A0/ A3\ B1/ C2+ D2\ B0+ @1/ A2/ @2/ C5\ A0+ @1\
@0+ B1+ A0/ A3/ A4/ B3\ A5\ B4+ A0/ C2\ @1\ A0\ A0\
@0+ B1+ B0+ @2\ D2\ E2\ D1+ D0/ D0/ C1/ D0/ C0+ B1\
@0+ B1+ B0+ @2\ D2\ E2\ D1+ D0/ D0/ C1/ D0/ C0+ B2\
@0+ B1+ B0+ B0/ C3\ D3\ A1/ D2/ E3\ B0/ C1/ C0/ D2/
@0+ B1+ B0/ A3\ B0/ A1+ C1+ A5/ @5/ @5/ B1/ C0+ A7/
@0+ B1+ B0/ A3\ B0/ A1+ C2+ A5/ @5/ @5/ C0+ B1\ C7\
@0+ B1+ B0\ A3/ A4/ B4+ @3+ C0/ D1+ C6\ E1/ D5+ D4/
@0+ B1+ B0\ A3/ A4/ B4+ A0/ @5/ B6\ B0/ @4\ A3\ @2/
@0+ B1+ C1/ B2\ D1/ A0/ E3\ D4+ C0+ E1\ E0\ C7\ F1/
@0+ B1+ C1/ B2\ D1/ A0/ E3\ D4+ C0+ E1\ E0\ F1\ D7\
@0+ B1+ C1/ B2\ D1/ A0/ E3\ D4+ C0+ E1\ E0\ F2+ D7\
@0+ B1+ C1/ B2\ D1/ A0/ E3\ D4+ C0+ E2+ D0+ C7\ F1/
@0+ B1+ C1/ C0/ B0/ A1/ B0/ C1/ @1\ C0+ @3/ A4/ D0/
@0+ B1+ C1/ C0/ B0/ A4\ A5\ A6\ @6+ @4/ A3/ F2+ C1\
@0+ B1+ C1/ C0/ B0/ B0/ A1+ D3/ C1/ B0\ D6+ E5\ F5\
@0+ B1+ C1/ C0/ B0/ B0/ A5/ D3/ E4+ D5\ D6+ @5/ E7\
@0+ B1+ C1/ C0/ B0/ B0/ A5/ D3/ E4+ D5\ D6+ B7+ D2/
@0+ B1+ C1/ C0/ B0/ B0/ B0/ C2+ A1+ @1/ E5\ C6\ F5+
@0+ B1+ C1/ C0/ B0/ B4/ B5/ C4+ A6+ @6/ E4\ @5+ G3\
@0+ B1+ C1/ C0/ B0/ D3/ D4/ A2+ D2+ E2\ A4/ D1/ @1/
@0+ B1/ @1/ C0+ B0/ @3/ D0/ E1/ F1/ F2+ E0+ C2+ B3/
@0+ B1/ @1/ C0+ B0/ @3/ D0/ E2\ D0/ C2+ B4+ @5/ B6/
@0+ B1/ @1/ C0+ C0/ D1+ C0\ B1\ A1\ @2+ C0+ C6\ F3\
@0+ B1/ B0/ C1+ A0/ B4\ D2\ B1/ E2/ E1/ D0/ @2+ A1\
@0/ @1/ @1/ C2+ C0/ D1/ D0/ E4+ B0+ @1+ E0/ F1/ G1/
@0/ @1/ @1/ D1/ A0\ @1\ C0/ C4+ F4+ F5\ G5\ D6+ D7\
@0/ @1/ B0+ C1\ @2+ C3+ @1/ F3\ F4\ F5\ C4\ G3/ E6+
@0/ @1/ B0/ @1+ C0/ D1/ A0+ E4+ B5+ F2/ E1+ E0/ F2/
@0/ @1/ B0/ A0+ @3/ A4/ @1+ E4+ B5+ F2/ E1+ E0/ F2/
@0/ @1/ B2/ B0+ C2+ @2/ A0+ @2\ @2\ A1\ C0/ @4+ A5/
@0/ @1/ B2/ B0+ C2+ @2/ A0+ @2\ @2\ A1\ C0/ @4+ C5\
@0/ @1/ B2/ C1/ @1+ A0+ @1\ A0\ F4+ E5\ @2/ B3+ B0+
@0/ @1/ b0/ c2\ a3+ a0+ @2/ @1+ d0/ e1/ f1/ d0\ c1\
@0/ B1+ B0\ A0/ @3/ B4\ @1+ B0\ C0\ E4+ D1/ C0\ @6/
@0/ B1+ B0\ A0/ @3/ B4\ @1+ B0\ C0\ E4+ D1/ D0/ @6/
@0/ B1\ A2/ A3/ @1+ B0/ @3+ A1/ B0+ @2/ A0+ @2\ C7/
@0/ B1\ A2/ A3/ @1+ B0/ @4\ A1/ B0+ @2/ A0+ @2\ C7/
@0/ B1\ A2/ A3/ A4/ @3/ @1+ C0/ @4/ B5\ @3\ A2\ @2\
@0/ B1\ A2/ A3/ A4/ @3/ @1+ C0/ @4/ B5\ @3\ A2\ E0/
@0/ B1\ A2/ A3/ A4/ @3/ @1+ C0/ E1\ A5\ @5+ E5+ D6\
@0/ B1\ A2/ A3/ A4/ @3/ C0/ D2\ @2+ A1\ A0+ @2/ @2/
@0/ a1d @1/ c0+ A0+ @3/ A4/ @1+ F4\ f5\ G3/ f2+ F6\
@0+ A0+ @1+ A0/ @1/ A3\ D2\ E2\ F2\ E1+ D0/ @4/ A5/ E0/
@0+ A0+ @1+ A0/ C1\ D1\ B4/ A4/ A5/ @4/ C6\ E3\ F1\ B0\
@0+ A0+ @1+ A0/ C1\ D1\ B4/ A4/ A5/ @4/ C6\ E3\ F1\ E6+
@0+ A0+ @1\ C1/ A0\ @1\ D0+ C0/ A0+ @2\ B6+ A5/ @4/ C0\
@0+ A0+ A0\ A4+ A0\ B2\ @3/ @2+ E1+ D0/ B1+ F3\ F4\ F5+
@0+ A0/ @1/ C1/ D1+ B0+ E2\ D4+ A0/ F5\ D6\ G4/ G3/ F2\
@0+ A0/ @1/ C1/ D1+ B0+ E2\ D4+ B0/ B0/ A1/ D7+ F6/ D8+
@0+ A0/ @1/ C2/ A0+ A0/ C1\ D1\ E1\ C0+ C4+ F1/ F0/ D5+
@0+ A0/ A3\ B1/ @3+ B0+ D3+ B5\ @4/ C0\ B2\ B1+ A2/ B7+
@0+ B1+ B0+ A1+ @1+ A2+ @1+ A2+ B0+ D1+ D4+ C0+ A5\ C0\
@0+ B1+ B0+ A3\ B0\ A1\ B0\ C2+ C4\ D1/ C0\ B7+ D5\ E4\
@0+ B1+ B0+ B0/ A1/ B0/ C3\ A0\ @3/ A1+ @2\ A4+ A6\ B6\
@0+ B1+ B0/ A3\ B0/ A1+ @2+ D1/ C0\ E3+ B6\ E5\ F5\ C0\
@0+ B1+ B0\ A3/ A4/ B4+ @3+ C0+ D1/ E1/ D0\ F3\ D4+ D0\
@0+ B1+ C1/ @1\ B2\ B0+ D1/ A0/ B5\ E1\ E0+ A5+ E0/ F2/
@0+ B1+ C1/ C0/ B0/ A4\ A5\ D2+ B6\ C6\ D6\ C1/ B0\ A1\
@0+ B1+ C1/ C0/ B0/ A4\ A5\ D2+ B6\ C6\ D6\ C1/ B0\ A2/
@0+ B1+ C1/ C0/ B0/ A4\ A5\ D2+ B6\ C6\ D6\ C1/ B0\ A3+
@0+ B1+ C1/ C0/ B0/ D2/ D4+ E3\ F3\ F4\ C5\ G2+ F1/ B0/
@0+ B1+ C1/ C0/ B0/ D3/ C4+ A1/ B0/ @1+ C0/ D1/ A0+ E4+
@0+ B1+ C1/ C0/ B0/ D3/ C4+ A2+ B0/ @1+ C0/ D1/ A0+ @4+
@0+ B1+ C1/ C0/ B0/ D3/ C4+ A2+ B0/ @1+ C0/ D1/ A0+ A6+
@0+ B1+ C1/ C0/ B0/ D3/ C4+ A2+ B0/ @1+ C0/ D1/ A0+ B7/
@0+ B1+ C1/ C0/ B0/ D3/ C4+ A2+ B0/ @1+ C0/ D1/ A0+ D0\
@0+ B1+ C1/ C0/ B0/ D3/ C4+ A2+ B0/ @1+ C0/ D1/ A0+ E3/
@0+ B1+ C1/ C0/ B0/ D3/ C4+ A2+ B0/ @1+ C0/ D1/ A0+ E4+
@0+ B1+ C1/ C0/ B0/ D3/ C4+ A2+ B0/ @1+ C0/ D1/ A0+ F7+
@0+ B1+ C1/ C0/ B0/ D3/ C4+ A2+ B0/ @1+ C0/ D1/ A0+ F7/
@0+ B1+ C1/ D1/ B2\ A0/ E3\ D4+ F2/ F1/ C0+ A4/ A5/ @2\
@0+ B1/ @1/ C0+ A3\ B3+ D2\ C3+ C4\ D4\ D5\ E5\ F2/ E1+
@0+ B1/ B0/ C1+ A0/ B4\ D2\ B1/ E2/ E1/ D0/ @2+ B1\ E0+
@0+ a0/ a0+ a0\ @2/ @2/ a3/ a0\ @1\ c0/ d1/ e3\ a0\ @1+
@0/ @1/ @1/ @1/ B0/ @1+ C0/ E4\ F3/ D1/ A0+ E1\ D6\ @4+
@0/ @1/ @1/ @1/ B0/ @1+ C0/ E4\ F3/ D1/ A0+ E1\ E6\ E0+
@0/ @1/ @1/ B0+ @2/ D3+ C0/ @2+ A1\ A0+ @3+ E6\ G5\ C7+
@0/ @1/ @1/ B2+ D1+ B0+ E2\ @1\ A0\ D1/ E2+ C1+ C0+ A1\
@0/ @1/ @1/ D1/ A0\ @1\ C0/ @1/ C0\ C5/ G5+ F6\ @2\ A1+
@0/ @1/ @1/ D1/ A0\ @1\ C0/ @1/ C0\ C5/ G5+ F6\ @2\ A1\
@0/ @1/ @1/ D1/ A0\ @1\ C0/ @1/ C0\ C5/ G5+ F6\ @2\ B1/
@0/ @1/ A2/ A3+ @1+ C0/ D1/ A0+ @3/ F5+ E6\ B0\ A1\ @2\
@0/ @1/ B0+ C1\ @2+ C3+ @1/ F3\ F4\ F5\ C4\ G2/ G1/ G0/
@0/ @1/ B0+ C1\ @2+ C3+ @1/ F3\ F4\ F5\ C4\ G4/ H5+ D0/
@0/ @1/ B0/ A0+ @3/ A4/ @1+ E4+ B5+ F2/ E1+ E0/ F1/ A1\
@0/ @1/ B2/ C1/ @1+ A0+ @1\ A0\ F4+ E5\ @2/ A3/ F6\ G5\
@0/ A0/ @2+ C1+ B0\ D2\ C1/ C0/ A5\ D6+ E5\ F4\ E2\ F5\
@0/ A0/ @2+ C1+ B0\ D2\ E2\ D1+ D0/ E5/ E6/ D0/ F3+ C2\
@0/ B1\ A2/ A3/ A4/ @3+ C4+ @3/ B0+ A1\ @1+ C0+ F3/ F2+
@0/ B1\ A2/ A3/ A4/ B2+ @1+ D1\ C5+ D5\ E5+ C6+ F3/ E2+
@0/ B1\ A2/ A3/ B2+ A4/ @1+ D1\ C5+ D5\ E5+ D6/ F3/ E1+
@0/ B1\ A2/ A3/ B2+ A4/ @1+ D1\ C5+ D5\ E5+ E6\ F3/ E2+
@0+ a0+ @1\ b0+ c1/ c0+ @2\ a1\ a0\ @1\ b0\ b0\ a1\ @3/ 
@0+ A0+ @1+ A0/ @1/ A3\ D2\ E2\ F2\ E4+ E5\ E6\ A0\ @1\ C0/
@0+ A0/ @1/ A3\ @3\ C0/ D3\ B5\ @5+ B6/ F5+ E6\ B7/ A7/ @4/
@0+ A0/ @1/ C1/ D1+ B0+ E2\ @1\ A0\ D1/ E2+ C1+ A0/ D1/ C6+
@0+ A0/ A3\ B1/ A0/ A0/ B1/ C5+ @1+ C0/ E3+ E0+ F1/ F0/ G1/
@0+ A0/ A3\ B1/ C2/ C4+ D3\ A0\ @1\ F4\ F5\ C6\ C0+ D2/ G4+
@0+ B1+ A0/ A3/ A4/ @1\ B0/ B0/ D3/ D1/ B0/ B0/ A3+ E4+ @5+
@0+ B1+ B0+ @2\ A1+ A0/ D1\ C0+ B0/ B0/ A2+ @2/ F5\ F6\ A6/
@0+ B1+ B0+ @2\ D1+ C0/ C4\ D4\ D5\ E2+ A2+ @2\ C0\ B1+ D0/
@0+ B1+ B0+ A1\ A0\ @2+ D1\ C0+ B0/ A2+ B0+ @2/ E6\ F6\ B7/
@0+ B1+ B0+ A1\ A0\ @2+ D1\ C0+ B0/ B0/ A2+ @2/ F5\ F6\ A6/
@0+ B1+ B0+ B0/ C3\ C1\ D3\ A4\ B0/ D1\ C6+ E4\ F6+ E7\ B7+
@0+ B1+ B0+ B0/ C3\ D3\ C1\ A4\ B0/ D1\ E4\ C6+ F6+ E7\ @4/
@0+ B1+ B0+ C1+ D1\ A3\ B0\ A1\ A0\ @4+ C0/ D1/ E3/ F2\ B0\
@0+ B1+ B0/ A3\ B0/ A1+ A5\ C1/ B0\ D1\ E4+ C5+ D6+ A7\ @2\
@0+ B1+ B0\ A3/ A4/ B4+ @3+ C0/ D1/ E1/ A6/ @6/ E5\ E6\ E7\
@0+ B1+ B0\ A3/ A4/ B4+ @4+ C0/ D1/ E1/ D4\ C6+ B7\ C0/ A3+
@0+ B1+ B0\ A3/ A4/ B4+ A0/ @5/ B6\ @5/ @3+ B2/ A1/ D0/ F6\
@0+ B1+ B0\ A3/ A4/ B4+ A0/ @5/ B6\ @5/ @3+ C1/ C0+ B2\ F6\
@0+ B1+ B0\ A3/ A4/ B4+ A0/ A6+ @4+ A1/ B0+ D3+ A7/ @7/ D1+
@0+ B1+ C1/ @1\ B2+ C0+ B1\ B0\ A1\ A0\ @3/ D0+ E2/ F4\ @2\
@0+ B1+ C1/ @1\ B2+ D0\ B1\ B0\ A1\ A0\ @3/ D0+ E2/ F4\ D0/
@0+ B1+ C1/ @1\ B2\ B0+ D1/ A0/ E2\ @1\ B0/ E0+ F2/ G4\ E0/
@0+ B1+ C1/ @1\ B2\ B0+ D1/ A0/ E2\ @1\ B0/ E0+ F2/ G4\ F5\
@0+ B1+ C1/ @1\ B2\ B0+ D1/ A0/ E2\ @1\ B0/ E0+ F2/ G4\ G5+
@0+ B1+ C1/ @1\ B2\ B0+ D1/ A0/ E3\ E4\ B5\ A4+ D0\ A7/ @5/
@0+ B1+ C1/ @1\ B2\ B0+ D1/ A0/ E3\ E4\ B5\ A4+ D0\ A7/ @6+
@0+ B1+ C1/ @1\ B2\ B0+ D1/ A0/ E3\ E4\ B5\ A4+ D0\ A7/ @7+
@0+ B1+ C1/ C0/ B0/ A1/ B0/ C1/ @1\ C0+ E5\ E6\ @3/ B5+ A5+
@0+ B1+ C1/ C0/ B0/ A4\ A5\ A6\ @6+ @5+ A3/ F2+ C1\ B0/ @5/
@0+ B1+ C1/ C0/ B0/ A4\ A5\ A6\ @6+ E2/ @4\ A3\ @5/ B6+ B7/
@0+ B1+ C1/ C0/ B0/ A4\ A5\ A6\ @6+ E2/ D4+ F3+ D7\ E6+ C0\
@0+ B1+ C1/ C0/ B0/ A4\ A5\ A6\ @6+ E2/ D4+ F3+ D7\ E7\ B7/
@0+ B1+ C1/ C0/ B0/ A4\ A5\ A6\ D3\ D4\ E2/ E1/ A1\ A0\ A0\
@0+ B1+ C1/ C0/ B0/ A4\ A5\ D3/ B6+ C6\ @5/ A6/ @4\ A3\ G3/
@0+ B1+ C1/ C0/ B0/ A4\ A5\ D3/ B6\ C6\ E3/ @3/ B1\ A0/ @6+
@0+ B1+ C1/ C0/ B0/ B0/ A1+ D3/ C1/ B0\ D6+ E6\ F6+ F7\ @2/
@0+ B1+ C1/ C0/ B0/ B0/ A1+ D3/ C1/ B0\ D6+ E6\ F6+ F7\ B0\
@0+ B1+ C1/ C0/ B0/ B0/ A5/ D3/ E4+ D5\ D6+ @5/ E7\ F7\ G7+
@0+ B1+ C1/ C0/ B0/ B0/ A5/ D4/ C5+ E4/ E6+ F6\ C1/ G4/ E3/
@0+ B1+ C1/ C0/ B0/ B0/ B0/ A3+ C1/ C0/ D4+ E6\ E7\ E3\ F6\
@0+ B1+ C1/ C0/ B0/ B0/ B0/ C2+ A1+ @1/ @3+ @2/ @2/ C6/ B5+
@0+ B1+ C1/ C0/ B0/ B0/ D3\ C2/ C1/ B5\ A1+ C0/ E4\ E5\ F5\
@0+ B1+ C1/ C0/ B0/ B0/ D3\ C2/ E3+ B5\ F3\ D5+ D6\ E6\ E1/
@0+ B1+ C1/ C0/ B0/ B0/ D3\ C2/ E3+ B5\ F3\ D5+ D6\ E6\ G3\
@0+ B1+ C1/ C0/ B0/ B0/ D3\ E3\ D2+ C0/ E2+ B6\ F2+ F1/ G4\
@0+ B1+ C1/ C0/ B0/ D3/ C4+ A1/ B0/ @1+ C0/ C0/ B7\ D2+ @2/
@0+ B1+ C1/ C0/ B0/ D3/ D2+ B0/ D5/ E5/ C1/ A5\ B0+ A3/ C7\
@0+ B1+ C1/ C0/ B0/ D3/ D2+ C4\ E2\ C1/ F2/ F1/ E0/ A2+ A1\
@0+ B1+ C1/ C0/ B0/ D3/ E3/ B0/ C1/ A5\ A1+ B0\ B0\ A1\ @1\
@0+ B1+ C1/ D1/ B2\ A0/ E3\ D4+ C0+ E1\ E0\ F2+ E0\ F0+ G2/
@0+ B1+ C1/ D1/ B2\ A0/ E3\ D4+ C0+ E1\ E0\ F2+ E0\ F0+ G2\
@0+ B1+ C1/ D1/ B2\ D0/ E1/ B0+ F4+ C5+ G2/ G1/ F0/ B6/ A5+
@0/ @1/ @1/ B2+ D1+ B0+ E2\ @1\ A0\ D1/ E2+ B1+ A0/ D1/ C6+
@0/ @1/ @1/ B2+ D1+ B0+ E2\ @1\ A0\ D1/ E2+ C1+ A0/ D1/ C6+
@0/ @1/ @1/ C2+ C0/ D1/ A4/ @4/ E0/ F3\ G3+ G4\ F5\ F6+ H4\
@0/ @1/ @1/ C2+ C0/ D1/ D0/ E3\ B0+ @2\ @3+ A5\ C0/ C0/ H6+
@0/ @1/ @1/ C2+ C0/ D2\ A0+ @3/ F3\ F4\ F5\ @1\ B0/ H6\ G7\
@0/ @1/ @1/ C2+ C0/ D2\ A0+ @3/ F3\ F4\ F5\ G5\ F6/ F7/ D6+
@0/ @1/ @1/ C2+ C0/ D2\ A0+ @3/ F3\ F4\ F5\ G5\ F6/ F7/ E7/
@0/ @1/ @1/ C2+ C0/ D2\ A0+ @3/ F3\ F4\ F5\ G5\ F6\ D7/ C6+
@0/ @1/ @1/ C2+ C0/ D2\ A0+ @3/ F3\ F4\ F5\ G5\ F6\ D7/ C7/
@0/ @1/ A2/ A3+ @1+ B0\ @2/ E4\ E5+ D5+ E6\ D0/ E2+ F2/ E1/
@0/ @1/ A2/ B3+ C1/ C0/ D4+ A0+ @1\ A0\ F4\ E7\ E2+ @3/ H2/
@0/ @1/ B0+ B3/ @1/ D3/ A2+ B0\ @2/ C0/ D2+ E2/ E1/ F1/ E0/
@0/ @1/ B0+ C1\ @2+ C3+ @1/ B0+ B0/ F5\ D6\ B0/ E8\ F7+ D3+
@0/ @1/ B0+ C1\ @2+ C3+ @1/ F3\ F4\ F5+ E5+ F6\ D5/ C5/ A3+
@0/ @1/ B0+ C1\ @2+ C3+ @1/ F3\ F4\ F5+ E5+ F6\ D5/ C5/ B5+
@0/ @1/ B0+ C1\ @2+ C3+ @1/ F3\ F4\ F5+ E5+ F6\ D5/ C5/ B5/
@0/ @1/ B0+ a2s B0/ b4r @1\ c1r B0+ a1u B0\ e3d A1\ a4s A6+
@0/ @1/ B2/ B0+ A3/ C3+ B4\ D2\ B5/ E3\ C4\ F3\ E2+ @3/ G4\
@0/ @1/ B2/ C1/ @1+ A0+ @1\ A0+ F4+ F5\ F6+ G4+ @2/ A3/ E7/
@0/ B1\ A2/ A3/ @3/ B4/ @1+ C0/ @4/ B5\ @3\ A2\ E6\ F5/ @2\
@0/ B1\ A2/ A3/ A4/ B2+ @1+ D1\ C5+ D5\ E5+ C6+ @4/ A5/ B6/
@0+ B1+ C1/ C0/ B0/ B0/ B0/ A3+ C1/ C0/ D4+ E6\ C7+ E3\ F6\ 
@0+ B1+ C1/ C0/ B0/ D3/ C4+ A1/ A0/ E4/ E6+ F6\ E7\ G5/ E3/ 
@0+ A0+ A0+ A0\ B1\ A0\ @3/ @3/ @1+ B0\ F2+ E1/ D0/ B1/ D8/ C8/
@0+ A0/ A3\ B1/ @3+ C0\ @4\ B2\ A1/ @2+ @2/ E5\ G4\ B0\ A1\ H5+
@0+ A0/ A3\ B1/ @3+ C0\ A2/ @4/ C5\ D0/ E1/ @4\ B3+ B2\ A1/ E0+
@0+ B1+ B0+ A1\ A0\ @2+ D1\ C0+ B0/ A2+ B0+ E4/ C1/ D1/ E2/ F4\
@0+ B1+ B0+ A1\ A0\ @2+ D1\ C0+ E2+ E0\ D5\ E5\ B1/ F1/ F0/ A3+
@0+ B1+ B0+ A3+ A1+ B0+ B0\ A6+ A7+ C1/ A8+ @7/ C6\ D5+ E5\ F5\
@0+ B1+ B0+ B0/ A1/ B0/ C3\ A0\ @3+ E3+ D1+ F2+ G2\ H2\ G1+ F3+
@0+ B1+ B0+ B0/ A1/ B0/ C3\ A0\ @3/ A1+ @2\ A4+ A6\ C0/ C7+ @3\
@0+ B1+ B0+ C1+ D1/ A3\ B0\ A1\ A0\ @4+ B6\ A0\ @1\ E2+ E1/ A0+
@0+ B1+ B0+ C1+ D1/ A3\ B0\ A1\ A0\ @4+ B6\ A0\ @1\ E2+ E1/ C0+
@0+ B1+ B0+ C1+ D1/ A3\ B0\ A1\ A0\ @4+ B6\ A0\ @1\ E2+ E1/ E0+
@0+ B1+ B0+ C1+ D1/ A3\ B0\ A1\ A0\ @4+ B6\ A0\ @2/ E2+ E1/ E0+
@0+ B1+ B0+ C1+ D1/ A3\ B0\ A1\ A0\ @4+ B6\ A0\ @3+ E2+ E1/ E0+
@0+ B1+ B0/ A3\ B0/ A1+ C2+ B5\ C5\ D2\ A0+ @1\ F3\ G6+ G7\ H7\
@0+ B1+ C1/ @1\ B2\ B0+ D1/ A0/ E2\ @1\ B0/ E0+ F2/ G4\ G3+ C7/
@0+ B1+ C1/ B2\ D1/ A0/ E3\ D4+ F2/ F1/ C0+ A4/ A5/ C6\ G4\ G5+
@0+ B1+ C1/ C0/ B0/ A4\ A5\ D2+ @4/ B6\ F2\ D1/ @4\ A3\ H3\ G4+
@0+ B1+ C1/ C0/ B0/ A4\ A5\ D2/ D4+ E3\ B6\ C5+ F3\ F4\ E5\ C6\
@0+ B1+ C1/ C0/ B0/ B0/ A2/ C1/ @1\ C0+ @3/ A4/ D0/ F4+ B6/ B7/
@0+ B1+ C1/ C0/ B0/ B0/ D3\ C2/ E3+ A5\ @4/ F4+ A3\ @2/ B6/ A6/
@0+ B1+ C1/ C0/ B0/ B0/ D3\ E3\ D2+ C0/ D2+ B6\ D5+ B7/ A6+ @6/
@0+ B1+ C1/ C0/ B0/ D2\ C4\ D4\ D5\ E2\ C6/ B4+ F4+ E6+ G5+ E7\
@0+ B1+ C1/ C0/ B0/ D2\ C4\ D4\ D5\ E2\ C6/ B5+ F4+ E6+ G5+ C7/
@0+ B1+ C1/ C0/ B0/ D3/ C4+ A1/ B0/ @1+ C0/ C0/ B7\ D2+ E4\ F4\
@0+ B1+ C1/ C0/ B0/ D3/ C4+ B0/ C1\ @4+ C0/ B2/ B0+ A3/ A5+ C7+
@0+ B1+ C1/ C0/ B0/ D3/ E3/ A1/ D2+ E4/ A4/ D4+ C5\ F4\ F5\ C6\
@0+ B1+ C1/ C0/ B0/ D3/ E3/ A1/ D2+ E4/ A4/ D4+ C5\ F4\ F5\ F6\
@0+ B1+ C1/ D1/ B2\ A0/ E3\ D4+ F2/ F1/ C0+ A4/ A5/ C6\ G4\ E5\
@0+ B1/ @1/ C0+ B0/ @3/ D0/ E1/ F1/ F2+ D0/ F1/ G2\ @5\ A4\ E0+
@0/ @1/ @1/ @1/ B0/ A3/ B4+ @1+ B0\ F3/ F2/ F6+ G5\ D7/ C7/ C8+
@0/ @1/ @1/ A0/ @1/ A0/ @2+ E4\ F3/ G3+ D2+ H3+ F1/ H2+ H4\ B4+
@0/ @1/ @1/ B2+ D1+ B0+ E2\ D4+ B0/ F5\ D6\ G4/ F3+ F2/ G1\ F6+
@0/ @1/ @1/ C2+ C0/ D2\ A0+ @3/ F3\ F4\ F5\ A0/ @3\ H6\ G7/ E7\
@0/ @1/ B0+ C1\ @2+ C3+ @1/ B0+ B0/ F5\ D6\ G4/ F3+ F2/ G1\ F6+
@0/ @1/ B0+ C1\ @2+ C3+ @1/ F3\ F4\ F5\ C4\ G4/ G2\ H5\ F6\ D7+
@0/ @1/ B0/ @1+ C0/ D1/ A0+ D5+ E2+ C6/ C7/ D0+ @5/ A6/ C7+ A3/
@0/ @1/ B0/ A0+ @3/ A4/ @1+ D5+ E2+ C6/ C7/ C8/ B6+ E1/ A6/ @5/
@0/ @1/ B0/ A0+ @3/ A4/ @1+ D5+ E2+ C6/ C7/ C8/ B6+ E1/ A6/ @6+
@0/ A0/ @2+ C1+ B0\ D2\ A4/ B0\ C5+ B6\ D2+ B7/ A7/ E2+ E1/ E0+
@0/ A0/ @2+ C1+ B0\ D2\ A4\ @2/ @2/ F5+ G4\ @2/ G6\ H6+ F6+ C4+
@0/ A0/ @2+ C1+ B0\ D2\ A4\ @2/ @2/ F5+ G4\ @2/ H5+ G6+ F1/ F0/
@0/ B1+ C1/ C0+ B0/ @3/ D0/ E2\ D0/ C2+ B4+ @5/ A6/ @4\ A3\ H4\
@0+ B1+ C1/ C0/ B0/ A4\ A5\ D2/ D4+ E3\ B6\ C5+ F3\ F4\ E5\ D6\ 
@0/ @1/ @1/ @1/ B0/ @1+ C0/ D1/ A0+ E5\ F4/ E1\ A0/ C0/ @3/ A2+ 
@0+ A0+ A0+ A0\ A0\ B2\ @3/ @3/ @1+ B0\ F2+ E1/ D0/ C1+ D8/ C8/ @5/
@0+ A0/ @1/ C2/ A0+ A0/ C1\ D1\ E1\ C0+ C3+ A6\ F2+ E4+ C6+ E5+ F5\
@0+ A0/ A3\ B1/ @1+ A0+ @2/ @2/ D0+ F2\ F0+ G3\ G7+ @4\ C3+ B2/ A2+
@0+ B1+ C1/ @1\ B2\ B0+ D1/ A0/ E2\ @1\ B0/ E0+ F2/ G3/ F5\ F6\ E7\
@0+ B1+ C1/ C0/ B0/ A4\ A5\ D2+ @4/ @4/ G2\ @4\ A3+ A2/ B2+ D6\ B5\
@0+ B1+ C1/ C0/ B0/ A4\ A5\ D2+ @4/ @4/ G2\ @4\ A3+ B5\ G4+ G5+ H5\
@0+ B1+ C1/ C0/ B0/ A4\ A5\ D2+ @4/ @4/ G2\ @4\ A3+ C5+ G4+ G5+ H5\
@0+ B1+ C1/ C0/ B0/ B0/ A2/ C1/ @1\ C0+ E5\ E6\ @3/ B5+ A5+ B6\ F7\
@0+ B1+ C1/ C0/ B0/ B0/ B0/ A3+ C1/ C0/ D4+ E6\ C7+ E3\ F5\ A0+ @1\
@0+ B1+ C1/ C0/ B0/ B0/ B0/ A3+ C1/ C0/ D4+ E6\ E7\ E3\ F5\ A0+ @1\
@0+ B1+ C1/ C0/ B0/ B0/ B0/ A3+ C1/ C0/ D4+ E6\ E7\ E3\ F5\ A0+ @2\
@0+ B1+ C1/ C0/ B0/ B0/ B0/ C2+ A1+ @1/ @3+ @2/ @2/ C6/ B6/ B1+ C0+
@0+ B1+ C1/ C0/ B0/ D2/ D4+ E3\ F3\ F4\ C5\ G2+ F1/ E0/ B6/ A7\ A8\
@0+ B1/ @1/ B0/ C1+ B3+ D2\ C3+ C4\ D4\ D5\ E3/ C6/ B6/ A4/ @2/ E7\
@0+ B1/ @1/ B0/ C1+ B3+ D2\ C3+ C4\ D4\ D5\ E3/ C6/ B6/ A4/ @2/ G3+
@0+ B1/ @1/ C0+ A3+ D1\ C3+ E2+ C0/ C0/ B1/ A2/ C0\ E4/ A7+ E2/ D1+
@0+ b1s B0+ c1s D1\ c1r E2\ e3r D0/ d1r D0/ f5s D0\ c3s B5+ a5u A4L
@0/ @1/ @1/ B2+ D1+ B0+ E2\ D4+ @1/ B0+ A4/ B5\ B6\ B7\ A6+ @4/ H5/
@0/ @1/ @1/ C2+ C0/ D1/ A4/ @4/ E0/ F3\ G3+ G4\ D5\ B6+ H1/ H0/ H6\
@0/ @1/ @1/ C2+ C0/ D2\ A0+ @3/ F3\ F4\ F5\ F6+ G6\ D7/ C7+ @4/ A5+
@0/ @1/ @1/ C2+ C0/ D2\ A0+ @3/ F3\ F4\ F5\ G5\ E6/ E7+ D6+ C6/ C7/
@0/ @1/ @1/ C2+ C0/ D2\ A0+ @3/ F3\ F4\ F5\ G5\ E6/ E7+ D6+ C6/ D7/
@0/ @1/ @1/ D1/ A0\ @1\ C0/ C4+ F4+ C5\ G3\ F6\ G5+ H5\ H6\ F2+ H2\
@0/ B1\ A2/ A3/ @1+ A4/ @2+ E1\ F1\ F2\ G1/ E0+ H3\ F4\ D5\ C6\ H1+
@0/ B1\ A2/ A3/ B2+ A4/ @1+ D1\ C5+ D5\ E5+ D6+ @1\ B0\ D8/ C8/ B7/
@0+ A0+ A0+ A0\ B1\ A0\ @3/ @3/ @1+ B0\ F2+ E1/ D0/ C1+ D8/ C7/ A1/ E7+
@0+ B1+ A0/ A3/ A4/ B4+ @3+ C0/ D1+ D4+ E1/ C6\ D5\ E4\ E3+ F1/ F4/ E5\
@0+ B1+ B0+ C1\ @2/ C3\ C4\ E3+ F2\ E1+ G2+ D5\ A1\ @2+ E6\ C3+ C5\ F5\
@0+ B1+ C1/ C0/ B0/ A1+ @3+ A4/ A5/ D1/ C0\ C0\ B1\ A1\ @3\ B0+ A1\ @4\
@0+ B1+ C1/ C0/ B0/ B0/ B0/ A3+ C1/ C0/ D4+ E6\ E7\ E3\ F5\ A0+ @4+ @2+
@0+ B1+ C1/ C0/ B0/ B0/ B0/ C2+ A1+ @1/ @3+ @2/ @2/ C6/ B6/ A1+ B0+ @3/
@0+ B1+ C1/ C0/ B0/ B0/ D3\ C2/ E3+ A5\ @4/ B1\ C0/ C7\ D6+ E6\ E7\ C0/
@0/ @1/ @1/ @1/ B0/ A3/ B4+ @1+ B0\ F3/ F2/ F6+ G5\ D7/ C7/ H5\ H6\ G7\
@0/ @1/ @1/ C2+ C0/ D2\ A0+ @3/ F3\ F4\ F5\ @1\ B0/ H6\ G7/ G8/ F8/ D1+
@0/ @1/ @1/ C2+ C0/ D2\ A0+ @3/ F3\ F4\ F5\ F6+ G6\ D7/ C6+ B6/ G5/ C7+
@0/ @1/ B0/ @1+ C0/ D1/ A0+ D5+ E2+ C6/ C7/ C0+ @5/ A6/ C7+ G5/ @6+ B3+
@0/ @1/ B0/ @1+ C0/ D1/ A0+ E4+ B5+ F2/ E1+ E0/ F1/ B0\ A1\ G5\ G6\ F0\
@0/ @1/ B0/ @1+ C0/ D1/ A0+ E4+ B5+ F2/ E1+ E0/ F1/ G4\ G5\ B0\ A1\ E0\
@0+ A0+ A0+ A0\ B1\ A0\ @3/ @3/ @1+ B0\ F2+ E1/ D0/ C1+ D8/ C8/ A1/ E7+ @5/
@0+ A0+ A0+ A0\ B1\ A0\ @3/ @3/ @1+ B0\ F2+ E1/ D0/ C1+ D8/ C8/ E7\ F7\ G3\
@0+ B1+ B0+ C1+ D1/ A3\ B0\ A1\ A0\ @4+ B6\ A0\ @1\ E2+ E1/ A0\ E1/ F3\ G1+
@0+ B1+ B0\ A3/ A4/ B4+ A0/ @5/ B6\ B0/ @4\ A3+ @6+ C0+ B1\ @6+ G7\ G8+ B4\
@0+ B1+ C1/ @1\ B2\ B0+ D1/ A0/ E2\ @1\ B0/ E0+ F2/ G4\ G3+ @4/ A5/ A6/ B7/
@0+ B1+ C1/ @1\ B2\ B0+ D1/ A0/ E2\ @1\ B0/ E0+ F2/ G4\ G3+ @4/ A5/ A6/ C7/
@0+ B1+ C1/ C0/ B0/ A2+ @3/ @3/ @3/ A4/ A2\ @2\ H2\ H3+ B0\ C0/ D7/ A6/ C0\
@0+ B1+ C1/ C0/ B0/ A2+ B0/ @1+ C0/ D1/ A0+ @3/ F3+ C7/ G6+ F7/ B0\ A1\ @3+
@0+ B1+ C1/ C0/ B0/ A4\ A5\ D2+ @4/ @4/ G2\ @4\ A3+ A2/ B2+ D6\ G1+ H4+ G5\
@0+ B1+ C1/ C0/ B0/ B0/ A2/ C1/ @1\ C0+ E5\ E6\ @3/ B5+ A5+ B6\ @2\ B1/ B0/
@0+ B1+ C1/ C0/ B0/ B0/ A2/ C1/ @1\ C0+ E5\ E6\ @3/ B5+ A5+ B6\ @2\ B1/ C0+
@0+ B1+ C1/ C0/ B0/ B0/ B0/ C2+ A1+ @1/ @3+ @2/ @2/ C6/ B6+ A6\ A5+ B1+ B0/
@0+ B1+ C1/ C0/ B0/ B0/ B0/ C2+ A1+ @1/ @3+ @2/ @2/ C6/ B6+ A6\ B4+ B1+ B0/
@0+ B1+ C1/ C0/ B0/ B0/ B0/ C2+ A1+ @1/ @3+ F5/ D6\ F2\ B6+ @2/ @2/ B1+ D0+
@0+ B1+ C1/ C0/ B0/ B0/ B0/ C2+ A1+ @1/ @3+ F5/ D6\ F2\ B6+ @2/ F0/ G1/ H1+
@0+ B1+ C1/ C0/ B0/ B0/ B0/ C2+ A1+ @1/ @3+ F5/ D6\ F2\ B6+ @2/ F0/ G1/ H1/
@0+ B1+ C1/ C0/ B0/ B0/ B0/ C2+ A1+ @1/ @3+ F5/ D6\ F2\ B6+ @2/ F0/ G1/ H2\
@0+ B1+ C1/ C0/ B0/ B0/ B0/ C2+ A1+ @1/ @3+ F5/ D6\ F2\ B6+ @2/ F0/ G1/ H3+
@0+ a2l @1+ a0\ A0\ b2s A0\ @4+ C0/ d1s E1\ e2\ B0\ a1\ @2\ @2\ A1\ e0+ h4d
@0/ @1/ B0+ @2+ B0/ C4\ D4\ A0+ @3/ E2/ D1+ D0/ E1/ F1+ D0+ C8/ B7+ E5+ @6/
@0+ B1+ B0\ A3/ A4/ C1/ C0/ @2\ A1\ D0/ C6\ C7+ A1/ B2+ C8/ B8/ D7\ E7+ @2/ G7+
@0+ B1+ C1/ C0/ B0/ A2+ B0/ @1+ C0/ D1/ A0+ E4+ A6/ @5/ F7+ G7\ H7+ E0+ G3\ F1\
@0+ B1+ C1/ C0/ B0/ B0/ A5/ D4/ C5+ E4/ E6+ F5\ G5\ G6\ D7\ @5/ H3+ C0/ D1+ C7+
@0+ B1+ C1/ D1/ B2\ A0/ E3\ D4+ D5\ E5\ F2+ D6/ C6/ B6/ A5+ D0/ E1/ G1/ G0/ @3\
@0+ B1/ B0\ C1\ D1\ A1+ @1+ @1/ B2/ E0/ B4\ G2\ D0/ C1/ E5+ G6/ H6+ E6+ G7+ A2+
@0+ B1/ B0\ C1\ D1\ A1+ @1+ @1/ B2/ E0/ B4\ G2\ D0/ C1/ E5+ G6/ H6+ E6+ G7+ A2/
@0+ B1/ B0\ C1\ D1\ A1+ @1+ @1/ B2/ E0/ B4\ G2\ D0/ C1/ E5+ G6/ H6+ E6+ G7+ A2\
@0+ B1/ B0\ C1\ D1\ A1+ @1+ @1/ B2/ E0/ B4\ G2\ D0/ C1/ E5+ G6/ H6+ E6+ G7+ A4+
@0+ B1/ B0\ C1\ D1\ A1+ @1+ @1/ B2/ E0/ B4\ G2\ D0/ C1/ E5+ G6/ H6+ E6+ G7+ A4/
@0+ B1/ B0\ C1\ D1\ A1+ @1+ @1/ B2/ E0/ B4\ G2\ D0/ C1/ E5+ G6/ H6+ E6+ G7+ A5+
@0+ B1/ B0\ C1\ D1\ A1+ @1+ @1/ B2/ E0/ B4\ G2\ D0/ C1/ E5+ G6/ H6+ E6+ G7+ B1+
@0+ B1/ B0\ C1\ D1\ A1+ @1+ @1/ B2/ E0/ B4\ G2\ D0/ C1/ E5+ G6/ H6+ E6+ G7+ B1/
@0+ B1/ B0\ C1\ D1\ A1+ @1+ @1/ B2/ E0/ B4\ G2\ D0/ C1/ E5+ G6/ H6+ E6+ G7+ B2+
@0+ B1/ B0\ C1\ D1\ A1+ @1+ @1/ B2/ E0/ B4\ G2\ D0/ C1/ E5+ G6/ H6+ E6+ G7+ B6+
@0+ B1/ B0\ C1\ D1\ A1+ @1+ @1/ B2/ E0/ B4\ G2\ D0/ C1/ E5+ G6/ H6+ E6+ G7+ C0+
@0+ B1/ B0\ C1\ D1\ A1+ @1+ @1/ B2/ E0/ B4\ G2\ D0/ C1/ E5+ G6/ H6+ E6+ G7+ C0/
@0+ B1/ B0\ C1\ D1\ A1+ @1+ @1/ B2/ E0/ B4\ G2\ D0/ C1/ E5+ G6/ H6+ E6+ G7+ D0/
@0+ B1/ B0\ C1\ D1\ A1+ @1+ @1/ B2/ E0/ B4\ G2\ D0/ C1/ E5+ G6/ H6+ E6+ G7+ D0\
@0+ B1/ B0\ C1\ D1\ A1+ @1+ @1/ B2/ E0/ B4\ G2\ D0/ C1/ E5+ G6/ H6+ E6+ G7+ E1+
@0+ B1/ B0\ C1\ D1\ A1+ @1+ @1/ B2/ E0/ B4\ G2\ D0/ C1/ E5+ G6/ H6+ E6+ G7+ E7+
@0+ B1/ B0\ C1\ D1\ A1+ @1+ @1/ B2/ E0/ B4\ G2\ D0/ C1/ E5+ G6/ H6+ E6+ G7+ F2/
@0+ B1/ B0\ C1\ D1\ A1+ @1+ @1/ B2/ E0/ B4\ G2\ D0/ C1/ E5+ G6/ H6+ E6+ G7+ F7+
@0+ B1/ B0\ C1\ D1\ A1+ @1+ @1/ B2/ E0/ B4\ G2\ D0/ C1/ E5+ G6/ H6+ E6+ G7+ G2+
@0+ B1/ B0\ C1\ D1\ A1+ @1+ @1/ B2/ E0/ B4\ G2\ D0/ C1/ E5+ G6/ H6+ E6+ G7+ G8+
@0+ B1/ B0\ C1\ D1\ A1+ @1+ @1/ B2/ E0/ B4\ G2\ D0/ C1/ E5+ G6/ H6+ E6+ G7+ G8\
@0+ B1/ B0\ C1\ D1\ A1+ @1+ @1/ B2/ E0/ B4\ G2\ D0/ C1/ E5+ G6/ H6+ E6+ G7+ H3+
@0+ B1/ B0\ C1\ D1\ A1+ @1+ @1/ B2/ E0/ B4\ G2\ D0/ C1/ E5+ G6/ H6+ E6+ G7+ H8+
@0+ B1/ B0\ C1\ D1\ A1+ @1+ @1/ B2/ E0/ B4\ G2\ D0/ C1/ E5+ G6/ H6+ E6+ G7+ H8\
@0/ @1/ @1/ C0+ C0+ A4+ @3+ C5+ E1\ D0/ D0/ C2+ @4+ C7/ B6/ B7+ A5+ E8\ F8\ @3+
@0/ @1/ B0/ @1+ C0/ D1/ A0+ E4+ B5+ F2/ E1+ E0/ F1/ B0\ A1\ G5\ F6+ G6+ G7\ F0\
@0+ B1+ C1/ C0/ B0/ B0/ A5/ D4/ C5+ E4/ E6+ F5\ G5\ G6\ D7\ @5/ H3+ C0/ D1+ D7+ 
@0+ B1/ B0\ C1\ D1\ A1+ @1+ @1/ B2/ E0/ B4\ G2\ D0/ C1/ E5+ G6/ H6+ E6+ G7+ H3/ 
@0+ A0+ A0+ A0\ A0\ B2\ @3/ @3/ @1+ B0\ F2+ E1/ D0/ B1/ D8/ C7/ @5/ A6/ A7/ A8+ H3+
@0+ A0+ A0+ A0\ B1\ A0\ @3/ @3/ @1+ B0\ F2+ E1/ D0/ C1+ D8/ C8/ A1/ E1+ F1\ E7+ F7+
@0+ A0+ A0+ A0\ B1\ A0\ @3/ @3/ @1+ B0\ F2+ E1/ D0/ C1+ D8/ C8/ E1/ F1/ G3\ F5+ A1/
@0+ B1+ B0\ A3/ A4/ B4+ @4+ C0/ D1/ E1/ D4\ C6+ F4\ F5\ E6\ A6/ B7+ B8/ A7/ @3/ H5/
@0+ B1+ C1/ C0/ B0/ B0/ B0/ C2+ A1+ @1/ C6\ E6+ F5\ C7/ A6+ @6/ A7/ D0+ H6/ H7+ A2+
@0+ B1+ C1/ C0/ B0/ D2/ D4+ E2/ F2+ D1+ B0\ A1\ C0/ D1/ G6\ G7\ C7\ F3/ F2+ G4+ F1/
@0+ B1+ C1/ C0/ B0/ D2\ B4+ A1/ A0/ @1/ A0/ @1/ B0+ G5\ @2\ E8+ C5+ B4+ C6+ G6+ C7+
@0/ @1/ @1/ @1/ C0+ C3\ @1\ A0\ D5+ E5\ F2\ B6+ A5/ @5/ A6/ C7\ H4+ G6\ G1/ H1+ E7+
@0/ @1/ B2/ B0+ @2+ B0\ @2/ B4\ D5\ E5\ @3/ A4/ B5/ C6/ @4/ A5/ A6/ E0/ F1/ F0/ G2/
@0+ B1+ C1/ C0/ B0/ A4\ A5\ D2+ @4/ @4/ G2\ @4\ A3+ A2/ B2+ D6\ F1+ G4+ H5\ H6\ G6+ 
@0+ B1+ C1/ C0/ B0/ A4\ A5\ D2+ @4/ @4/ G2\ @4\ B3+ B5\ F4\ F1/ D1/ D0\ C1\ B2\ A3\ G5\
@0+ B1+ C1/ C0/ B0/ D2\ C4\ D4\ D5\ E2\ C6/ B6/ F4+ E6+ G6/ A6\ A5+ D7+ H6\ F7+ B0/ A2\
@0+ B1+ A0/ A3/ A4/ B4+ @4+ C0/ D1/ E1/ D4\ C6+ F4\ F5\ E6\ A6/ B7+ B8/ A7/ @3/ A4+ G6\ H3+
@0+ B1+ B0+ C1+ D1/ A3\ B0\ A1\ A0\ @4+ B6\ A0\ @1\ E2+ E1/ A0\ E1/ F1/ F6\ G6\ G1\ @2+ B3/
@0+ B1+ B0+ C1+ D1/ A3\ B0\ A1\ A0\ @4+ B6\ A0\ @1\ E2+ E1/ A0\ E1/ F2/ A6/ A7\ E8+ @6/ H5\
@0+ B1+ C1/ @1\ B2\ B0+ D1/ A0/ E2\ @1\ B0/ E0+ F2/ G3/ @4+ B5+ D0/ E8\ F8\ G7\ A3\ B2\ F1/
@0+ B1+ C1/ C0/ B0/ B0/ A5/ D3/ E4+ D5\ C6\ F4\ F5\ E6\ E7+ G5\ G6\ B0\ A3+ H5/ H4/ C1/ D1/
@0+ B1+ C1/ C0/ B0/ A4\ A5\ D2+ @4/ @4/ G2\ @4\ A3+ D6\ G1+ B3+ A2\ A1\ H4/ E7\ F7\ F8\ H5\ D1\
@0+ B1+ C1/ C0/ B0/ B4/ B5/ C4+ A6+ @6/ E4\ @5+ C1\ C0\ C0\ B1\ @6/ A5+ @5\ F1/ A7+ H8+ A4/ C3\
@0+ B1+ A0/ A3/ A4/ B4+ @3+ C0/ D1+ D4+ E1/ C6\ D5\ E4\ E3+ F1/ F4/ E0\ @6/ A7/ D8\ E8\ F8+ H2\ H3\ G8+
@0/ @1/ @1/ @1/ B0/ @1+ C0/ D1/ C0\ E5\ F5\ C0\ B1\ E1/ E0/ C8/ B8+ F3\ F4\ G6/ @4/ B3\ H4+ H8\ C1+ B1/
@0+ B1+ C1/ C0/ B0/ A1/ B0/ @1+ C0/ D1/ A0+ @3/ B0\ A1\ @1+ D8/ F1/ G2+ @3/ A4/ F8+ A5\ G8\ H6/ D8\ H3\ C8+ B8+ B7\ H8+ A1+
@0+ B1+ C1/ C0/ B0/ A1/ B0/ @1+ C0/ D1/ A0+ @3/ B0\ A1\ @1+ D8/ F1/ G2+ @3/ A4/ F8+ A5\ G8\ H6/ D8\ H3\ C8+ B8+ B7\ H8+ A1\
@0+ B1+ C1/ C0/ B0/ A1/ B0/ @1+ C0/ D1/ A0+ @3/ B0\ A1\ @1+ D8/ F1/ G2+ @3/ A4/ F8+ A5\ G8\ H6/ D8\ H3\ C8+ B8+ B7\ H8+ A6/
@0+ B1+ C1/ C0/ B0/ A1/ B0/ @1+ C0/ D1/ A0+ @3/ B0\ A1\ @1+ D8/ F1/ G2+ @3/ A4/ F8+ A5\ G8\ H6/ D8\ H3\ C8+ B8+ B7\ H8+ A8+
@0+ B1+ C1/ C0/ B0/ A1/ B0/ @1+ C0/ D1/ A0+ @3/ B0\ A1\ @1+ D8/ F1/ G2+ @3/ A4/ F8+ A5\ G8\ H6/ D8\ H3\ C8+ B8+ B7\ H8+ A8/
@0+ B1+ C1/ C0/ B0/ A1/ B0/ @1+ C0/ D1/ A0+ @3/ B0\ A1\ @1+ D8/ F1/ G2+ @3/ A4/ F8+ A5\ G8\ H6/ D8\ H3\ C8+ B8+ B7\ H8+ A8\
@0+ B1+ C1/ C0/ B0/ A1/ B0/ @1+ C0/ D1/ A0+ @3/ B0\ A1\ @1+ D8/ F1/ G2+ @3/ A4/ F8+ A5\ G8\ H6/ D8\ H3\ C8+ B8+ B7\ H8+ B6\
@0+ B1+ C1/ C0/ B0/ A1/ B0/ @1+ C0/ D1/ A0+ @3/ B0\ A1\ @1+ D8/ F1/ G2+ @3/ A4/ F8+ A5\ G8\ H6/ D8\ H3\ C8+ B8+ B7\ H8+ H1+
@0+ B1+ C1/ C0/ B0/ A1/ B0/ @1+ C0/ D1/ A0+ @3/ B0\ A1\ @1+ D8/ F1/ G2+ @3/ A4/ F8+ A5\ G8\ H6/ D8\ H3\ C8+ B8+ B7\ H8+ H1/
@0+ B1+ C1/ D1/ B2\ D0/ E1/ B0+ E5+ F2+ D6/ C6+ B5+ B0\ A2\
@0/ B1\ A2/ A3/ B2+ B0+ B5\ C5+ C4+ D4+
@0/ @1/ B0+ B3\ C3\ A0/ A0/ A0/ @3+ A0+
@0+ B1+ C1/ B2+ @1/ B0+ @2\ A1\ @1\ C0/ A4/ @4/ H3\ H4\ F1+ F0+ G1/ H1+ H0/ A3\
@0+ B1+ C1/ B2+ D1\ C2+ C0/ B0\ A2+ @2\ A1\ @1\ D0+ @3/ B4+ B5/ A5/ @2\ A1\ C0/
@0+ B1+ C1/ B2+ D1\ C2+ C0/ B0\ A2+ @2\ A1\ @1\ D0+ @3/ B4+ B5/ A5/ @2\ A1\ B0\
@0+ B1+ C1/ B2+ D1\ C2+ C0/ B0\ A2+ @2\ A1\ @1\ D0+ @3/ B4+ B5/ A5/ @2\ A1\ A0\
@0+ B1+ C1/ A0+ @2/ C3+ @2\ A1\ @1\ C0/ A4/ @4/ H3\ G4+ F1+ F0+ G1/ H1+ 
@0+ B1+ C1/ B2+ @1/ B0+ @2\ A1\ @1\ C0/ A4/ @4/ H3\ G4+ F1+ F0+ G1/ H1+
@0/ B1\ A2/ A3/ B2+ B0+ A5\ A6+ @2\ A1\ @1\ A0\ C8/ A6\ @6+ B8+
@0/ B1\ A2/ A3/ B2+ B0+ A5\ A6+ @2\ A1\ @1\ A0\ C8/ A6\ @6+ B7/
@0+ B1+ B0+ A3+ B0\ A5+ A6+ B5\ @4/ D1/ C0\ B8/
@0+ B1+ B0+ A3+ B0\ A5+ A6+ B5\ @4/ D1/ C0\ C0\
@0/ B1\ A2/ A3/ A0+ A5\ B3+ @5+ A6+ @6+ D5\ E3\ A5+ @5\ E7\
@0+ B1+ B0+ A3+ C1\ @2\ A1\ E2+ @1/ @1+ C3/ A2+ D4\ E4+ D5/ @2+
@0+ B1+ B0+ A3+ C1\ @2\ A1\ E2+ @1/ @1+ C3/ A2+ D4\ E4+ D5/ G1+ D6\ E6\
@0+ B1/ @1/ C0+ C0/ D1+ E1\ D3+ @3\ A2\ B1\ B0\ A1\ @4+ H2/ H1/ H4+
@0/ B1+ C1/ @1+ B2\ E1+ @1\ B0/ B0/ C1+ A4\ A5\ @1\ A0\ G5/ C1+ B0+ B0\ A1\ H6/ H5+ F4+
@0/ B1\ A2/ A3/ B2+ B0+ B5\ C3\ D3\ E3+
@0/ @1/ @1/ A0/ @1/ @1/ A0/ @1/ D1+ @1\ A0\ F2+ E5+ D5+ F1/ H3/ H2+ H5+ H6\ B4/
@0/ @1/ @1/ A0/ @2+ E2\ C3+ B4\ B5\ B6\ A6\ A0+ B8/ F3+ D6+ E5\ G3/ D2/
@0/ @1/ @1/ A0/ @1/ @1/ A0/ @1/ D1+ @1\ A0\ F2+ E5+ D5+ F1/ H3/ H2+ H5+ H6\ F0/
@0+ B1+ B0+ A1+ A0+ B1+ @2+ A1+ B0/ C5\ C6\ C0+ @4+ D0/ E2/ A6+ C1+ F2/ F1+ G3\ F4+
@0+ B1+ B0+ A1+ A0+ B1+ @2+ A1+ B0/ C5\ C6\ C0+ @4+ D0/ E2/ A6+ C1+ F2/ F1+ G3\ E4+
@0+ B1+ B0+ A1+ A0+ B1+ @2+ A1+ B0/ C5\ C6\ C0+ @4+ D0/ E2/ A6+ C1+ F2/ F1+ G3\ G4\
@0+ B1+ B0\ A3/ A4/ C1/ A0/ A0+ @5+ B0+ A3+ @4+ A6+ @5+ 
@0+ B1+ B0+ A3+ @2+ B4+ C4\ B1+ D3\ A4/ A5/ C6/
@0+ B1+ C1/ B2+ D1\ C2+ C0/ B0\ A2+ @2\ B1\ B0\ A1\ D0+ E1/ F1+ D0+ F5\
@0+ B1+ B0+ A3+ A1+ B0+ C2+ B0+ @5+ D1\ B1\ D4+ E2+ A1+ C0+ A7+ C6+ B7\ F4\ F5\ C0+ G5/ F4+ H6\ H7\ A6+ E7+ G8\ D1\
@0+ A0+ @1+ A0+ A0/ B5+ B6+ A0\ @2/ B0\ A2\ @2\ D2\ @2/ B3+ F7\ D8/ F4\ C8\ C7+ G3/ G2+ B8/ A3+ A4/ A5/ G5+ H5/ H2/ C1\ H4+
@0/ @1/ B2/ C1+ B3/ D3+ B4/ E2\ B0/ A5+ F3\ E5+ G5/
@0/ A0/ @2+ C1+ B0\ @2/ @2/ B4\ A1+ D4+ @4+ B5\ @3/ B6/ A5+
@0+ B1+ C1/ A0+ @2/ C3+ @2\ A1\ @1\ C0/ A4/ @4/ H3\ G4+ B0+ B0\ A3+ F3/
@0/ @1/ B2/ A0\ @1\ D1+ E1+ E0+ D4\ D5+ B1+ D0\ D0\ C1+
@0/ A0/ @2+ C1+ B0\ D2\ C4+ @2/ C0/ D2+ A5\ A6\ @5+ B7+ G5\
@0/ B1\ A2/ A3/ B2+ C2+ B4\ C4\ B0/ C2+ D2/ D1/ E2/ B0\
@0/ A0/ @2+ C1+ B0\ D2\ E2\ D1+ A4/ E4/ E5/ D5/ F1\
@0/ B1+ C1/ C0+ A3\ B3+ D2\ C3+ C4\ D4\ D5\ E3/ C6/ B6/ A4/ @2/ E7\
@0+ B1+ B0+ A1+ @1\ C0+ D1/ E1/ F1/ @2\ H1\ E2+ E0+ A2\ B0\ F1+ B0+ D0/
@0+ B1+ C1/ C0/ B0/ B0/ D3\ C2/ E3+ A5\ @4/ @4/ C2+ D0/ E1/
@0/ @1/ B0+ B3\ C3\ A0/ A0/ A0/ B7\ B0/ C3+ A1\
@0/ @1/ B0+ B3\ C3\ A0/ A0/ A0/ B7\ B0/ C3+ C5+ D5+ D6\ E6\
@0+ B1+ B0\ A3/ A4/ B4+ A0/ @5/ B6\ @5/ @3+ C2+ B1+ D0/ F6\
@0/ @1/ B0+ C1\ @2+ C3+ @1/ @1/ B3+ D4\ @3/ A4/ E5+ C5+ A5/ @5/
@0/ B1+ B0+ B0+ C2\ D2\ A4\ A5\ B0/ @6/ A7/ @5\ B4+
@0+ B1+ C1/ D1/ B2\ A0/ E3\ D4+ C0+ E1\ C0/ E0+ F2/ D0/ G3\ B8/ A8/ @6+ 
@0+ A0+ @1+ A0/ @1/ A3\ D2\ E2\ F2\ E1+ D0/ D0/ G3\ C1\ D0/ @6/ B7\ E7\
@0+ A0+ @1+ A0/ @1/ A3\ D2\ E2\ F2\ E1+ D0/ D0/ G3\ C1\ D0/ @6/ B7\ D8\
@0+ A0+ @1+ A0/ @1/ A3\ D2\ E2\ F2\ E1+ D0/ D0/ G3\ C1\ D0/ @6/ B7\ G7+
@0+ A0+ @1+ A0/ @1/ A3\ D2\ E2\ F2\ E1+ D0/ D0/ G3\ C1\ D0/ @6/ B7\ F7\
@0+ A0+ A0\ A4+ A0\ B2\ @3/ @2+ E1+ D0/ A1/ F3\ F4\ F5+ G3/ G2/ 
@0+ A0/ A3\ B1/ @3+ C0\ A2/ @4/ C5\ D0/ E1/ @4\ B3+ B2\ A1/ @5/
@0+ A0/ A3\ B1/ @3+ C0\ A2/ @4/ C5\ D0/ E1/ @4\ B3+ B2\ A1/ F3+
@0+ A2\ A3\ @2\ C3\ C4\ D4\ D5\ E2+ B0\
@0+ A0/ A3\ B1/ @3+ C0\ A2/ @4/ C5\ D0/ E1/ @4\ B3+ B2\ A1/ F5/ @1/
@0+ A0/ A3\ B1/ @3+ C0\ A2/ @4/ C5\ D0/ E1/ @4\ B3+ B2\ A1/ G1/
@0+ A0/ A3\ B1/ @3+ C0\ A2/ @4/ C5\ D0/ E1/ @4\ B3+ B2\ A1/ F6/
@0/ @1/ B2/ A0\ @1\ D1+ D0/ D0/ E1/ @1\ C0+ G1\
@0+ A0/ A3\ B1/ C2+ B0\ @2/ @2/ B4+ A1\ @1\ A3+ C0+ F1\ B6\ G1\ G0+ @7+
@0+ A0/ A3\ B1/ C2+ B0\ @2/ @2/ B4+ A1\ @1\ A3+ C0+ F1\ B6\ G1\ G0+ @5/
@0+ A0/ A3\ B1/ C2+ B0\ @2/ @2/ B4+ A1\ @1\ A3+ C0+ F1\ B6\ G1\ G0+ A8+
@0+ A0/ A3\ B1/ C2/ C4+ D4\ D5\ E3/ A0\ @1\ D7/ C7/ B6/
@0+ B1+ B0+ A1\ A0\ @2+ D1\ C0+ B0/ A2+ B0+ B0/ @5/ @6/
@0+ B1+ B0+ B0/ A1/ B0/ C3\ A0\ @1\ E3+ D1+ F2+ B6/ A6/ A7/ @4+
@0/ @1/ B0+ B3\ C3\ A0/ A0/ A0/ C2/ A0\ @4+ @2+
@0/ @1/ B0+ B3\ C3\ A0/ A0/ A0/ C2/ A0\ @4+ B8/
@0/ @1/ B0+ B3\ C3\ A0/ A0/ A0/ C2/ A0\ @4+ E4/
@0/ @1/ B0+ B3\ C3\ A0/ A0/ A0/ C2/ A0\ @4+ E7\
@0/ @1/ B0+ B3\ C3\ A0/ A0/ A0/ C2/ A0\ @4+ E3+
@0/ @1/ B0+ B3\ C3\ A0/ A0/ A0/ C2/ A0\ @4+ D2/
@0/ @1/ B0+ B3\ C3\ A0/ A0/ A0/ C2/ A0\ @4+ D5+
@0+ A0/ A0/ A4+ @3+ A1/ A0/ @2+ A4+ @1\ A0\ D7+ @2/ B3+
@0+ A0/ A0/ A4+ @3+ A1/ A0/ @2+ A4+ @1\ A0\ D7+ @2/ B4+
@0+ B1+ C1/ B2+ @1/ B0+ @2\ A1\ @1\ C0/ A4/ @4/ H3\ H4\ C0+ B0/ H4+
@0+ A0/ A0/ A4+ B2/ A5+ C3\ B5+
@0+ A0/ A0/ A4+ B2/ A5+ C3\ B4+
@0+ B1+ B0+ A3+ B0\ A5+ A6+ B5\ @4/ D1/ D0/ D0+
@0+ A0/ A0/ A4+ B4+ @2/ C1/ @1\ C0+ D6+ E4/ E2+ F5\ F6\ G6\ D7\ H3/ F2+ D0/
@0+ B1/ B0\ C1\ D1\ A1+ @1+ @1/ B2/ B3/ A3/ C4\ D3+ G3\ F4/ H2/ H1/ F0\
@0+ B1+ B0+ A3+ B0+ A5+ @3/ C5\ D4\ @3+ C6/ @3+ D7\ A2/ A4/ B5/
@0+ B1+ B0+ A3+ B0+ A5+ @3/ C5\ D4\ @3+ C6/ @3+ D7\ A2/ A4/ A5/
@0+ B1+ B0+ B0/ A1/ B0/ C3\ A0\ @2/ E3+ D1+ F2+ G2\ @2/ F0+ G5\ G6\ F7/
@0+ B1+ B0+ B0/ A1/ B0/ C3\ A0\ @2/ E3+ D1+ F2+ G2\ @2/ F0+ G5\ G6\ F7\
@0+ B1+ B0+ B0/ A1/ B0/ C3\ A0\ @2/ E3+ D1+ F2+ G2\ @2/ F0+ G5\ G6\ D7\
@0+ B1+ B0+ B0/ A1/ B0/ C3\ A0\ @2/ E3+ D1+ F2\ G1+ F0/ F0/ G1/
@0+ B1+ B0+ B0/ A1/ B0/ C3\ A0\ @2/ E3+ D1+ F2\ G1+ F0/
@0+ B1+ A0/ A3+
@0+ B1+ B0+ C1\ @2/ C3\ C4\ C5\ A3\ B6+ A6/ @6+ C7+ B8\ @6/ A7/
@0+ B1+ C1/ B0/ B0/ B0/ A2+ B5/ B6/ C5+
@0/ @1/ @1/ @1/ C0+ A3/ @3/ A4/ @4/ A5/ @2+ A0+
@0+ B1+ B0+ C1\ @2/ C3\ C4\ E3+ F2\ E1+ G2+ A1/   
@0+ B1+ B0/ A3\ B0/ A1+ C2+ B5\ C5\ D2\ A0+ @2/ C7/ B7/ A7/ @6+ A8+ A4\ @4+
@0+ B1+ C1/ C0/ B0/ D3/ C4+ B0/ C1/ E4+ A1+ B0\ D1\ D7\ F5\ G5\ B0\
@0+ B1+ C1/ C0/ B0/ A1+ @3+ A4/ A5/ D1/ C0\ C0\ B1\ A1\ @4/ B0+ A3+ @4+ A7+ @4\
@0/ @1/ B0/ A0+ @3/ A4/ @4/ A5/ @2+ D0/
@0/ @1/ C1/ C0/ A0\ @2/ C0+ C5+ E5+ C0/
@0/ A0+ B1\ A3/ @3/ A4/ @4/ A5/ @2+ D0/
@0+ B1+ C1/ D1/ B2\ A0/ E3\ D4+ C0+ E1\ C0/ E0+ F2/ D0/ G3\ A7/ A8+ @6+
@0+ @1+ @1+ @1+ @1/ A2/ @2\
@0+ B1+ B0/ A3\ B0/ @4/ B5\ B6+ D5\ D6\ A6+ B7\
@0/ @1/ B0+ B3\ C3\ A0/ A0/ A0/ @2+ D1/
@0+ B1+ B0\ A3/ A4/ C1/ A0/ B0+
@0+ A0/ A0/ A4+ @1\ A0+ A0/ B1/
@0+ B1/ B0\ C1\ D1\ A1+ @1+ @1/ B2/ B3/ A3/ C4\ D4+ G3\ G4\ C0+ @3+ A1+ C6/ E6\
@0+ B1/ B0\ C1\ D1\ A1+ @1+ @1/ B2/ B3/ A3/ C4\ D4+ G3\ G4\ C0+ @3+ A1+ C6/ B6+
@0+ B1/ B0\ C1\ D1\ A1+ @1+ @1/ B2/ B3/ A3/ C4\ D4+ G3\ G4\ C0+ @3+ A1+ C6/ E6+
@0+ B1/ B0\ C1\ D1\ A1+ @1+ @1/ B2/ B3/ A3/ C4\ D4+ G3\ G4\ C0+ @3+ A1+ C6/ B0/
@0+ B1+ B0+ A3+ C1\ @2\ A1\ E2+ @1/ @1+ G3+ @1+ A2/ E4+ H4\ E0\ A1\ F0/
@0+ B1+ C1/ B2+ @1/ B0+ @2\ A1\ @1\ C0/ A4/ @4/ H3\ H4\ F2+ A1\ C0+ H6\ H3/
@0+ A0/ A0/ A4+ B2/ A5+ @1\ A0\ A0\ B8/ A8/ C3/
@0+ B1+ C1/ B2+ @1/ B0+ @2\ A1\ @1\ C0/ A4/ @4/ H3\ H4\ F2+ A1\ C0+ H6\ F2+
@0+ A0/ A0/ A4+ B2/ A5+ @1\ A0\ A0\ B8/ A8/ A6+
@0+ A0/ A0/ A4+ B2/ A5+ @1\ A0\ A0\ B8/ A8/ @3+
@0+ B1+ C1/ A0+ @1+ A0+ A0\ B1/ B0/ C3\ @2+ C0/ A2+ D0/
@0+ B1+ C1/ D1/ B2\ A0/ E3\ D4+ C0+ E1\ C0/ E0+ F2/ D0/ G3\ A7/
@0/ B1\ B2\ A0/ @1/ B0\ D3+ C1+
@0/ B1\ B2\ A0/ @1/ B0\
@0+ @1+ C1+ @1+ @1\ A0\ @1/
@0+ A0/ @1/ B0/ C1/ C0/ D4+ D5\ E1+ C6/ B6/
@0/ @1/ B2/ C2/ B0\ @2\ B1+ B0\ A1\
@0+ B1+ C1/ C0/ B0/ B4/ D3/
@0+ B1+ C1/ C0/ B0/ B4/ D2/
@0+ B1+ C1/ C0/ B0/ B4/ D2+
@0/ B1\ A2/ A3/ A0+ A5\ B3+ @2/ D2/ D1/ E1/ D0\
@0+ B1+ C1/ B2+ @1/ B0+ @2\ A1\ @1\ C0/ A4/ @4/ H3\ G4+ B5\ E0/ G3+ A2\ C1+ C0/ E1+ C0\
@0+ B1+ C1/ C0/ B0/ A4\ A5\ C4+ B0\ A2/ A7/ @7/ E5\ F3+ G3/ F2/ G2+
@0+ B1+ C1/ C0/ B0/ A4\ A5\ C4+ B0\ A2/ A7/ @7/ E5\ F3+ G3/ F2/ @7/
@0+ B1+ C1/ C0/ B0/ A4\ A5\ C4+ B0\ A1\ @6/ A7/ @5\ A4\ @4\ B3/ A8/ @6+ @5/ B8/ A8/ B3\ B2\ E1+ E8+ B1+ A2+ A1\ F7+ G7\ H2+
@0+ B1+ C1/ C0/ B0/ A4\ A5\ C4+ B0\ A1\ @6/ A7/ @5\ A4\ @4\ B3/ A8/ @6+ @5/ B8/ A8/ B3\ B2\ E1+ E8+ B1+ A2+ A1\ F7+ G7\ H7+
@0/ B1\ A2/ A3/ A0+ A5\ B3+ @2/ D2/ D1/ E1/ D0/
@0+ B1+ C1/ B2+ @1/ B0+ @2\ A1\ @1\ C0/ A4/ @4/ H3\ G4+ B5\ E0/ G3+ A2\ C1+ C0/ E1+ E0+
@0+ B1+ C1/ B2+ @1/ B0+ @2\ A1\ @1\ C0/ A4/ @4/ H3\ G4+ B5\ E0/ G3+ A2\ C1+ C0/ E1+ F1+
@0/ @1/ B2/ A0\ @1\ D1+ E1+ C0\ C0+ B1+ @3/ B4+ C5+ E5+
@0+ B1+ C1/ A0+ @2/ C3+ @2\ A1\ @1\ C0/ A4/ @4/ H3\ G4+ C0+ F2/
@0+ B1+ C1/ C0/ B0/ A4\ A5\ C4+ @4/ @4/ C6/ B6+ C1\ C0\ D7+ @6/ A7/
@0+ B1+ C1/ C0/ B0/ A4\ A5\ C4+ @4/ @4/ C6/ B6+ C1\ C0\ D7+ C0/ D2+
@0+ B1+ C1/ C0/ B0/ A4\ A5\ C4+ @4/ @4/ C6/ B6+ C1\ C0\ D7+ B2\ E8\
@0/ B1\ A2/ B0+
@0/ @1/ A2/ @1\ B0/ A4/ @3\ E3+ D4\ D5\
@0/ B1\ A2/ A0+
@0/ @1/ B2/ A0\ @2/ C0/ D2+ E2/ E1/ B0\ A1\ E0/
@0+ A0+ @1\ @1\ @1\ A2\ @2\ @2\ C0+ G1/ E0+ @4/
@0+ B1/ B0/ A0\ @1\ B4\ A0+ A5/ A6/ C0+
@0+ B1+ B0+ A3+ B0+ A5/ A6/ @5+ C6+ A7+ D1/ C0+
@0+ B1+ B0+ A3+ C1\ @2\ A1\ E1+ D3\ E3\ @1/ G1+ D0/ B0\
@0+ B1+ B0+ A3+ C1\ @2\ A1\ E2+ @1/ @1+ E0+ C0\ B1\ @3+
@0+ B1+ B0/ B0\ A1\ B4+ A0/ B1+ @3\ A1+ D4/ D2/ E3+ F2\
@0+ B1/ B0/ A0\ @1\ B4\ D2+ A4/ A5/ C0/ D1/ D0/
@0/ @1/ B0+ B3\ C3\ A0/ A0/ A0/ A7\ B0/ C3+ A1\
@0/ @1/ B2/ C2+ D2\ B3/ A0/ B5/ A5/ A6/ @6/ A7/ @7/ A8/ @7\ A1+
@0+ A0+ @1\ C1/ B0\ B0\ A1\ D1/ D0/ @4\ C1+ C0/ F2+
@0+ A0/ A0/ A4+ B2\ @3/ C4\ C5\ D5\ E5+ C6+ F3/ F2+
@0+ B1+ B0/ B0\ A1\ B4+ C3/ A0\ @3/ C0/
@0+ B1+ C1/ B2+ D1\ C2+ C0/ B0\ A1\ B5/ A0/ C1/
@0/ @1/ B0+ B3\ C3\ A0/ A0/ A0/ B7\ B0/ C2+ D2/ 
@0+ A0+ @1\ C1/ B0\ B0\ A1\ D1/ D0/ @4\ A5\ B6+ @5/ B6+
@0+ A0/ A0/ A4+ B2/ @4+ D2\ C1+ @4\ A5+ D4\ E3+
@0+ B1+ B0+ A3+ C1+ B0\ B0+ A1/ C1/ A0\ @2/ E2/ E1/ E0+
@0+ B1+ C1/ A0+ @1+ A0+ A0\ B1/ B0/ D4+ @4/ D0+ C7+ B7+
@0+ A0/ A0/ A4+ @1\ A0+ @3/ B5+
@0+ A0/ A0/ A4+ @1\ A0+ @3/ B4+
@0+ B1+ C1/ B2+ D1\ C2+ C0/ B0\ A1\ B5/ E3/ @1+ 
@0/ @1/ @1/ A0/ @1/ E2\ C3+ A2+ D4\ E4\ F3+ B4\ B5\ G4+
@0/ @1/ @1/ A0/ @1/ E2\ C3+ A2+ D4\ E4\ F3+ B4\ B5\ C6+
@0/ @1/ @1/ A0/ @1/ E2\ C3+ A2+ D4\ E4\ F3+ B4\ B5\ G3+
@0/ @1/ @1/ A0/ @1/ E2\ C3+ A2+ D4\ E4\ F3+ B4\ B5\ D5+
@0/ @1/ @1/ A0/ @1/ E2\ C3+ A2+ D4\ E4\ F3+ B4\ B5\ G3/
@0/ @1/ @1/ A0/ @1/ E2\ C3+ A2+ D4\ E4\ F3+ B4\ B5\ F5+
@0/ @1/ B0+ B3\ C3\ A0/ A0/ A0/ B7\ B0/ C1/ A1\ @2+ A1+ 
@0/ @1/ B0+ B3\ C3\ A0/ A0/ A0/ B7\ B0/ C1/ A1\
@0/ @1/ B2/ A0\ @2/ C0/ D2+ E2/ E1/ F1/ C0+ F4\ G2+ A5/ C6/
@0/ @1/ @1/ A0/ @2+ E2\ C3+ B4\ B5\ B6\ A6\ A0+ A8/ @8+ @8\ A7\
@0/ @1/ B0+ B3\ C3\ A0/ A0/ A0/ C2/ A0\ @2+ @2\ A1\ E2/
@0/ @1/ B0+ B3\ C3\ A0/ A0/ A0/ C2/ B0/ C2+ A8/
@0/ @1/ B0+ B3\ C3\ A0/ A0/ A0/ C3+ A7/ @5/ D0+ E1/ @2+ B1\ @6/
@0/ @1/ @1/ A0/ @1/ E2\ C3+ A2+ D4\ E4\ F3+ B4\ B5\ B6\ E1/ F1/ A0\ @2/ H5\ F6\ G1/ H1/ G7+
@0/ @1/ @1/ A0/ @1/ E2\ C3+ A2+ D4\ E4\ F3+ B4\ B5\ B6\ E1/ F1/ F5\ G5\ G1+
@0/ @1/ @1/ A0/ @1/ E2\ C3+ A2+ D4\ E4\ F3+ B4\ B5\ B6\ E1/ F2+ @1\ B0/ H3/ H2/ H4\ E6+ E8\
@0/ @1/ @1/ A0/ @1/ E2\ C3+ A2+ D4\ E4\ F3+ B4\ B5\ B6\ E1/ F2+ @1\ B0/ H3/ H2/ H4\ E6+ C1/
@0/ @1/ B2/ A0\ @1\ D1+ E1+ C0\ C0+ B1+ @2\ B1+ B0\ A1\ B0\ @4/
@0/ @1/ B2/ A0\ @1\ D1+ E1+ C0\ C0+ B1+ @2\ B1+ B0\ A1\ B0\ G5+
@0+ A0+ @1\ @1\ @1\ A2\ @2\ @2\ F3/ F0+ G1/ G4\ F5/ @3/ A4/ D4/
@0+ A0/ A0/ A4+ @1\ A0+ B1+ A0+ B1+ B0+ B0\ A1\ C1\ D1+
@0+ A0/ A0/ A4+ B2\ @3/ C3+ B0/ D1\ D4\
@0+ A0/ A0/ A4+ B4+ @2/ C1/ @1\ C0+ D6+ E4/ E2+ C0+ @4/ A5/ B6/
@0+ B1+ B0\ A3/ A4/ C1/ C0/ @2\ B1/ D0/ D0/ B8+ A7\ E1\ B2\ A3+
@0+ B1+ B0+ A3+ C1\ @2\ A1\ E2+ @1/ @1+ E0+ C0\ B1+ @3/
@0+ B1+ B0+ A3+ C1\ @2\ A1\ E2+ @1/ @1+ E0+ C0\ B2+ @2+
@0+ B1+ B0+ A3+ C1\ @2\ A1\ E2+ @1/ @1+ E0+ C0\ B2+ D0/
@0+ B1+ B0+ A3+ C1+ A4\ A5+ @5\ C3\ C0\ D4\ A7/ @7/ D0/ E1/ @8+
@0+ B1+ B0/ B0\ A1\ B4+ A0/ B1+ @3\ A1+ D3+ D2/ C0/ D1/
@0+ B1+ C1/ A0+ @1+ A0+ @2+ C4/ A3/ C5\ D5\ D6\ E6\ F3+
@0+ B1+ B0+ A3+ @2+ B4+ D1+ A3/ C4\ @2/ D0/ E4\ F4\
@0/ @1/ @1/ A2/ D1\ A0+ @2\ D4+ E3\ F2\ C0+ F2/ G3\ B6/
@0/ B1\ A2/ @2\
@0+ B1+ B0\ A3/ A0/ A5\ B4+
@0+ B1+ B0\ A3/ A4/ B0/ C2\ @2\
@0+ B1/ @1/ C0+ A3+ @2/ B1+ @2+ B4\ B5\ D4+ E3+ C6\ A4/ A5+ D0/ @2/ B1\
@0+ B1/ @1/ C0+ A3+ @2/ B1+ @2+ B4\ B5\ D4+ E3+ C6\ A4/ A5+ D0/ @2/ G1+
@0+ B1+ C1/ @1\ A2/ @2/ F1\
@0+ B1+ B0+ A3+ @2\ @2\ B1+ A3+ E2\ A4/ @1/ E3\ E4\ E5+ F4+
@0/ @1/ @1/ A0/ @1/ E2\ C3+ A2+ A0+ A0+ D6\ E6\ E7+ A0/ @1\ G6+
@0+ B1+ B0+ A3+ @2\ @2\ B1+ A3+ E2\ A4/ @1/ E3\ E4\ E5+ F5\ C6/ B5+
@0+ B1+ B0+ A1+ @1\ @1\ E1\ F1\ G1\ A0+ F1\ @1/ A3+ D0/ F2+ A5/ B5+ G1/
@0/ @1/ @1/ B0+ A0/ @2+ B0+ @1/ A0/ @2+ B0/ A0+ @2\ H6/
@0/ @1/ @1/ A0/ @2+ E2\ C3+ B4\ B5\ B6\ A4+ A7+ @6/ B8\ @6\ H2+ B3/ A3/
@0+ B1/ @1+ B2+ @1/ B0+ @2\ A1\ @1\ C0/ A4/ @4/ H3\ G4+ B0+ B0\ A1+ F3/
@0+ B1+ B0+ A3+ B0\ A5+ A6+ B5\ @4/ D1/ D0+ D0\ C1\ @6/ @6/ @6+ E2+ D4+
@0/ B1+ B0/ B3+ C2/ @2+ @2\ B1\ B0\ A1\ A0\ @2/ D6/ C5+
@0/ B1+ B0/ B3+ C2/ @2+ @2\ B1\ B0\ A1\ A0\ @2/ D6/ B5+
@0+ B1+ B0+ A3+ @2\ @2\ B1+ A3+ E2\ A4/ @1/ E3\ E4\ E5+ F5\ E0+
@0/ B1+ C1/ @1+ B2\ E1+ @1\ B0\ B0\ A1\ A0\ @4+ H4\ G5/ D0+ E3\
@0+ B1+ C1/ A0+ @2/ C3+ @2\ A1\ @1\ C0/ A4/ @4/ H3\ H4\ F2+ A1\ C0+ C6+
@0+ B1/ B0\ C1\ D1\ A1+ @1\ F1\ D3+ D0/ G4\ E5+ D0/ E1/ C6\ G6\ G7+ C0+ B1\
@0+ B1/ B0\ C1\ D1\ A1+ @1\ F1\ D3+ D0/ G4\ E5+ D0/ E1/ C6\ G6\ G7+ C0+ B2\
@0+ B1/ B0\ C1\ D1\ A1+ @1\ F1\ D3+ D0/ G4\ E5+ D0/ E1/ C6\ G6\ G7+ C0+ B2/
@0/ @1/ @1/ A0/ @1/ @1/ A0/ @2+ A0/ @2+ A0/ D3/ @1\ B0/ B0/ B0+ C3\ A2+ D2/ D1+
@0+ A0/ A0/ @3/
@0+ A0/ A0/ @3/ B0/ B0/
@0/ B1/ C1+ D1+ D0/ D0+
@0+ B1+ C1+ D1+ D0/ A1\
@0/ A2+ @2+ @2+ @2+ @2+ A1\
@0/ @1+ @1+ @1+ @1\ A0/
@0/ A2+ B1/ C1+ D1\ E1\
@0+ A0/ A0/ B2\
@0+ B1+ C1+ A0\
@0/ @1/ @1/ A0/ @1/ A0/ @2+ E4\ F3/ @1+ A0+ H4+ E3+ F6\ D7+ C6/ B6/ B7/
@0/ @1/ @1/ A0/ @1/ A0/ @2+ E4\ F3/ @1+ A0+ H4+ E3+ F6\ D7+ C6/
@0/ @1/ @1/ A0/ @1/ E2\ C3+ A2+ B0\ B5+ C1/ C0/ E2+ F4+ E0/ F2+
@0+ B1/ B0/ A0\ @1\ B4\ B5\ B6\ B0\ B8/ A7\ C8\ D5+ D8+ E8\ E3\ A6+ F3/ D1\ F8\
@0+ B1/ B0/ A0\ @1\ B4\ B5\ B6\ B0\ B8/ A7\ C8\ D5+ D8+ E8\ E3\ A6+ F3/
@0+ B1+ B0+ A3+ B0+ A5\ B0+ A1/ C2\ @6/ A7+ A8\ B8\ E2\ F2\ G3+ C7+ D5+
@0+ A0/ A3\ B1/ B4/ @3\ D4+ A5/ @4+ 
@0+ A0/ B1+ B3+ B0/ A4/ C2\ D2\ @4/ A5/
@0+ B1+ B0/ B0\ A1\ B4+ A0/ B1+ @3\ A1+ @3/ B4+ B5/ A4/ @4/ A5/ E0/ F2/ A3\ @2/
@0/ B1+ B0+ C2+ @2\ B1+ A3\ C4\ D4\ C0/ B6\ E5+ C6+ @3+ D7+ A5/ @5/ F1\ B2+ B1/ E0/
@0/ @1/ B0+ @2+ D1/ A3/ E1\
@0+ B1+ C1/ A0+ @1+ A0+ @1+ C4/ C5/ E4+ D6/ F4/ B5+ A3+ D2/ D1/ E1/ E0/ F1/ D0+
@0+ B1+ C1/ B2+ D1\ C2+ C0/ B0\ A2+ @2\ B1\ B0\ A1\ D0+ E1/ F1+ F0/ G4\
@0/ @1/ @1/ C2\ D1/ E1/ E2+
@0+ A0/ A3\ B1/ @2/ B4\ D3\ A5/ @4+
@0/ @1/ @1/ A2/ @1\ C0+ @3/ A4/ C4+ A5/ A6/
@0/ B1\ A2/ A0/ A0/ A5/ C1+ @3+ E1/ B0/ A0\ @3+ C0+ D1/ F5+
@0/ B1\ A2/ A0/ A0/ A5/ C1+ @3+ E1/ B0/ A0\ @3+ C0+
@0/ B1\ A2/ A3/ B2+ @3+ C4\ D4\ D1/ D0/ B6/
@0/ B1+ B0+ C1/ D1\ D2\ @2\ A1\ A0+ @3/ B4\
@0+ B1+ B0+ A1+ @1\ @1\ E1\ F1\ G1\ A0+ F1\ @1/ A3+ D4\ E1+ E0/ B6+
@0/ @1/ @1/ B2+ D1+ B0+ E2\ @1\ A0\ E2/ E1/ E0/ G4\ G6+ G0/ @5/
@0/ @1/ B0+ @2+ D1/ A3/ A4/ E1/ D2+ B3+ B5+ F1+ C4+ E0/ D0/ @3\ B2/
@0/ @1/ B0+ @2+ D1/ A3/ A4/ E1/ D2+ B3+ B5+ F1+ C4+ E0/ D0/ @3\ A2\
@0/ @1/ B0+ @2+ D1/ A3/ A4/ E1/ D2+ B3+ B5+ F1+ C4+ E0/ D0/ @3\ B2+
@0/ @1/ B0+ @2+ D1/ A3/ A4/ E1/ D2+ B3+ B5+ F1+ C4+ E0/ D0/
@0+ B1/ B0+ @2+ C0/ D2/ E2/ D3+ B4\ F3\ F4\ C5+ G4+ E1/ C6+
@0+ B1/ B0+ @2+ C0/ D2/ E2/ D3+ B4\ F3\ F4\ C5+ G4+ E1/ H2/
@0+ B1+ C1/ @1\ A2/ @1\ A0\ B4\ C3+ C4+ D3+ @2/ B4+ 
@0+ B1+ C1/ @1\ A2/ @1\ A0\ B4\ C3+ C4+ D3+ @2/ B3+ 
@0+ B1+ C1/ @1\ A2/ @1\ A0\ B4\ C3+ C4+ D3+ @2/ A3/ 
@0/ @1/ B0+ @2+ D1/ A3/ A4/ E1/ D2+ B3+ B5+ F1+ C4+
@0+ B1+ C1/ C0/ B0/ A4\ A5\ C4+ @4/ @4/ C6/ B6+ C1\ C0\ D7+ D1/ D0/ @7/ B8+ C4+ A8+
@0+ B1+ B0\ A3/ @3/ C0/ D2\ B5\ C5\ E2\
@0+ B1+ C1/ C0/ B0/ A4\ A5\ C4+ B0\ A2/ A7/ @7/ E5\ A2\ A1\ @2\ F2/ G2/ G6\
@0+ B1+ C1/ C0/ B0/ A4\ A5\ C4+ B0\ A2/ A7/ @7/ E5\ A2\ A1\ @2\ F2/ G3\ G5\ G7+ C0/
@0/ @1/ B0+ @2+ B0/ B4\ D2\ A0+ @2\ C6/ B6/ @2\
@0/ @1/ B0+ A0/ C2\ B4+ @2+ A0/ E4+ F4\ @2+ H5\ F6+ A3/ C6\ C7\
@0/ @1/ B0+ C1\ @2\ A3\ D4+ E1\ A1\ B0/ B0/ F6\ D7\ G6+
@0/ @1/ B0+ C1\ @2\ A3\ D4+ E1\ A1\ B0/ B0/ F6\ F7+ F8/
@0/ @1/ B2/ @1+ D2\ D3\ @1/ F1\ E0+ @2/ C3\ D1\ E4+ F5\ G5\ E0+
@0+ B1+ C1/ C0/ B0/ A4\ A5\ D2+ @4/ @4/ G2\ @4\ A3+ D6\ F1+ G1/ C5+ F6\ F7\ G6+
@0+ B1+ C1/ C0/ B0/ B0/ A5/ D3/ E4+ D5\ D6+ B7+ F3\ @7/ C0/ @8\ G7+ G8\ H3\ E1\
@0+ B1+ C1/ C0/ B0/ B0/ B0/ A3+ C1/ C0/ D4+ E6\ C7+ E3\ F6+ A0+ @1\ @4/
@0+ B1+ C1/ C0/ B0/ B0/ B0/ C2+ A1+ @1/ @3+ F5/ D6\ F2\ B6+ @2/ H5+ A1+ B0+ H3/
@0+ B1+ C1/ C0/ B0/ B0/ B0/ C2+ A1+ @1/ @3+ F5/ D6\ F2\ B6+ @2/ H5+ A1\ B0\ H3/
@0+ B1+ C1/ C0/ B0/ B0/ B0/ C2+ A1+ @1/ @3+ F5/ D6\ F2\ B6+ @2/ H5+ A1\ C0+ H3/
@0+ B1+ C1/ C0/ B0/ B0/ B0/ C2+ A1+ @1/ @3+ F5/ D6\ F2\ B6+ @2/ H5+ A1\ C0+ H8+
@0+ B1+ C1/ C0/ B0/ B0/ D3\ C2/ E3+ A5\ @4/ F4+ A3\ @2/
@0/ @1/ B2/ B0\ C3\ C4\ D2/
@0+ A0+ @1\ @1+ D1\ A0/ B3/ @1/ F3\
@0+ A0/ B1+ B3+ B0/ @3+ D2\ E2\ F1+
@0+ B1+ C1/ @1\ A2/ @1\ A0\ B4\ D3+ @2/ B4+
@0+ B1+ B0+ A1\ A3/ @3/ A4/ @1+ C5\ D5\ B6/ A6/ @4\
@0+ B1+ B0+ A3+ C1\ A4/ @2/ C0/ @3/ B2\ F3\ F4\ A6/ @6+ @6\ A5\ D7\
@0+ B1+ C1/ @1\ A2/ @1\ A0\ B4\ C4\ C5\ D5+ F4+ E5\ G2/ F1+
@0+ B1+ B0+ A1\ A3/ @3/ A4/ @1+ C5\ D5\ B6/ A6/ @6/
@0+ B1+ C1/ @1\ A2/ @1\ A0\ B4\ C4\ C5\ D5+ F4+ E5\ G2/ G1/ E1+ B0\
@0+ B1+ C1/ @1\ A2/ @1\ A0\ B4\ C4\ C5\ D5+ F4+ E5\ G2/ G1/ E1+ C0\ H2/
@0+ B1+ C1/ @1\ A2/ @1\ A0\ B4\ C4\ C5\ D5+ F4+ E5\ G2/ G1/ E1+ B0\ H2/ H1/
@0+ B1+ C1/ @1\ A2/ @1\ A0\ B4\ C4\ C5\ D5+ F4+ E5\ G2/ G1/ E1+ B0\ H2/ G1/
@0+ B1+ C1/ @1\ A2/ @1\ A0\ B4\ C4\ C5\ D5+ F4+ E5\ G2/ G1/ E1+ A0+ H2/ G1/
@0+ B1+ C1/ @1\ A2/ @1\ A0\ B4\ C4\ C5\ D5+ F4+ E5\ G2/ G1/ E1+ A0+ H2/ H1/
@0+ B1+ C1/ @1\ A2/ @1\ A0\ B4\ C4\ C5\ D5+ F4+ E5\ G2/ G1/ E1+ A0+
@0+ B1/ B0+ B3+ B0/ @3+ C5\ D4/ E4/ E3/ E6\ F6\ F1+ C0/ C7+
@0+ B1/ B0+ B3+ B0/ @3+ C5\ D4/ E4/ E3/ E6\ F6\ F1+
@0+ B1/ B0+ B3+ B0/ @3+ C5\ D4/ E4/ E3/ E6\ F6\ F1+ C0/ D8/
@0/ B1\ A2/ A3/ B2+ @3+ C4\ D4\ B5/ A5/ D1/ B0/ A7/ @4/ E8\ F8\ G8\
@0/ B1\ A2/ A3/ B2+ @3+ C4\ D4\ B5/ A5/ D1/ B0/ A7/ @4/ E8\ F8\ F2/
@0/ B1\ A2/ A3/ B2+ @3+ C4\ D4\ B5/ A5/ D1/ B0/ A7/ @4/ E8\ F8\ E3+
@0/ B1\ A2/ A3/ B2+ @3+ C4\ D4\ B5/ A5/ D1/ B0/ A7/ @4/ E8\
@0/ B1+ C1/ C0+ B0/ @3/ B1\ C0/ C0/ B2\ D6\ E4\ C0\ B2+ A2\ A1\ @1\ E8/ D8+
@0+ B1+ C1/ C0/ B0/ A4\ A5\ C4+ @4/ @4/ C6/ B6+ C1\ C0\ D7+ D1/ C0+ @7/ A8+ @7/ C5+ B6\
@0/ @1/ @1/ B0+ B0/ D2\ B4\
@0+ A0+ @1\ C2\ @1/ A2/ E2/ E1/ E0+ F2\ @3/ B4\ E4\ D5+ H2\ C1+ D0+ F1+ D0+ A7\ G6\ F7+ D0+ H7\
@0+ B1+ B0+ A1+ @1\ @1\ E1\ F1\ G1\ A0+ B0+ @2/ A4+ A1+ E2/ G5+ F6\ C5/ 
@0+ A0+ @1\ C2\ @1/ A2/ E2/ E1/ E0+ F2\ @3/ B4\ E4\ D5+ H2\ C1+ D0+ F1+ D0+ A7\ G6\ F7+ D0+ H4+
@0+ B1+ B0+ A3+ @2/ C0/ D2\ A5\ @3/ B2\ F3\ F4\ A6/ @6+ @6\ A5\ D7\
@0+ B1+ B0+ A3+ A1+ B0+ C1\ D1\ E1\ A1+ @2/ @2/ H2\ G3/ G4/ H1+ G5+ G6+ H5+ G0+ H7+
@0/ @1/ @1/ A0/ @1/ E2\ C3+ A2+ A0+ A0+ A5/ B6+ B7/ A6/ @6/ B7/ B0\ @5\ B3/ @5+ B3+ B2\
@0/ @1/ @1/ A0/ @1/ E2\ C3+ A2+ A0+ A0+ A5/ B6+ B7/ A6/ @6/ B7/ B0\ @5\ B3/ @5+ B3+ B8\
@0/ @1/ @1/ A0/ @1/ E2\ C3+ A2+ A0+ A0+ A5/ B6+ B7/ A6/ @6/ B7/ B0\ @5\ B3/ @5+ B3+ A8\
@0/ @1/ @1/ A0/ @1/ E2\ C3+ A2+ A0+ A0+ A5/ B6+ B7/ A6/ @6/ B7/ B0\ @5\ B3/ @5+ B3+ C2\
@0/ @1/ @1/ A0/ @1/ E2\ C3+ A2+ A0+ A0+ A5/ B6+ B7/ A6/ @6/ B7/ B0\ @5\ B3/ @5+ B3+ C8+
@0/ @1/ @1/ A0/ @1/ E2\ C3+ A2+ B0\ F3+ D5\ E4+ E5+ F5\ F6\ G3\ @3/ A2+ H2/ G7/ A4/ B5+
@0/ @1/ @1/ A0/ @2+ E2\ C3+ B4\ B5\ B6\ D5+ E4\ F5+ B7/ A4+ @6+ A7/ A8+ @8/ G6+ F7\ E8+
@0+ B1+ C1/ C0/ B0/ A4\ A5\ C4+ @4/ @4/ C6/ B6+ C1\ C0\ D7+ D1/ D0/ @7/ B8+ C4+ A8/
@0+ B1+ C1/ C0/ B0/ A4\ A5\ C4+ @4/ @4/ C6/ B6+ C1\ C0\ D7+ D1/ D0/ @7/ B8+ C4+ F3/
@0+ B1+ C1/ C0/ B0/ A4\ A5\ C4+ @4/ @4/ C6/ B6+ C1\ C0\ D7+ D1/ D0/ @7/ B8+ C4+ B4+
@0+ B1+ C1/ C0/ B0/ A4\ A5\ C4+ @4/ @4/ C6/ B6+ C1\ C0\ D7+ D1/ D0/ @7/ B8+ C4+ B5+
@0+ B1+ C1/ C0/ B0/ A4\ A5\ C4+ @4/ @4/ C6/ B6+ C1\ C0\ D7+ D1/ D0/ @7/ B8+ C4+ G6+
@0+ B1+ C1/ C0/ B0/ A4\ A5\ C4+ @4/ @4/ C6/ B6+ C1\ C0\ D7+ D1/ D0/ @7/ B8+ C4+ F3/
@0+ A0+ @1\ @1+ D1\ A0/ B3/ @1/ F3\
@0/ @1/ @1/ A0/ @1/ E2\ C3+ A2+ D4\ E4\ F3+ B4\ B5\ B6\ E1/ F2+ @1\ B0/ H3/ H2/ H4\ H6+ B4+
@0/ @1/ @1/ A0/ @1/ E2\ C3+ A2+ D4\ E4\ F3+ B4\ B5\ B6\ E1/ F2+ @1\ C0+ H3/ H2/ G6\ H4\ C0/
@0/ @1/ @1/ A0/ @1/ E2\ C3+ A2+ D4\ E4\ F3+ B4\ B5\ B6\ E1/ F2+ @1\ C0+ H3/ H2/ G6\ H6\ C0/
@0/ @1/ @1/ A0/ @1/ E2\ C3+ A2+ D4\ E4\ F3+ B4\ B5\ B6\ E1/ F2+ @1\ C0+ H3/ H2/ H5\ H6\ C0/
@0/ @1/ @1/ A0/ @1/ E2\ C3+ A2+ D4\ E4\ F3+ B4\ B5\ B6\ E1/ F2+ A0\ @2/ H3/ H2/ H5\ F6\ C0+
@0/ @1/ @1/ A0/ @1/ E2\ C3+ A2+ D4\ E4\ F3+ B4\ B5\ B6\ E1/ F2+ G2/ G1/ @1\ A0\ G6\ H6\ B7+
@0/ @1/ @1/ A0/ @1/ E2\ C3+ A2+ D4\ E4\ F3+ B4\ B5\ B6\ E1/ F2+ G2/ G1/ @1\ C0+ G6\ H6\ C0/
@0/ @1/ @1/ A0/ @1/ E2\ C3+ A2+ D4\ E4\ F3+ B4\ B5\ B6\ E1/ F2+ G2/ G1/ @1\ C0+ H5\ H6\ C0/
@0/ @1/ @1/ A0/ @1/ E2\ C3+ A2+ D4\ E4\ F3+ B4\ B5\ B6\ E1/ F1/ A0\ @2/ H5\ H6\ G1/ H1/ A1+
@0/ @1/ @1/ A0/ @1/ E2\ C3+ A2+ D4\ E4\ F3+ B4\ B5\ B6\ E1/ F2+ A0\ @2/ H3/ H2/ H5\ F6\ C0\
@0/ @1/ @1/ A0/ @1/ E2\ C3+ A2+ D4\ E4\ F3+ B4\ B5\ B6\ E1/ F2+ G2/ G1/ @1\ B0/ H5\ F6\ G1\ H0\ B5+
@0/ @1/ @1/ A0/ @1/ E2\ C3+ A2+ D4\ E4\ F3+ B4\ B5\ B6\ E1/ F1/ A0\ @2/ H5\ H6\ G1/ H1/ C8+ E7\ E8+ B6/ B7+
@0/ @1/ @1/ A0/ @1/ E2\ C3+ A2+ D4\ E4\ F3+ B4\ B5\ B6\ E1/ F1/ A0\ @2/ H5\ H6\ G1/ H1/ C8+ E7\ E8+ B6/ A7+
@0/ @1/ @1/ A0/ @1/ E2\ C3+ A2+ D4\ E4\ F3+ B4\ B5\ B6\ E1/ F1/ A0\ @2/ H5\ H6\ G1/ H1/ C8+ E7\ E8+ B6/ A7/
@0/ @1/ @1/ A0/ @1/ E2\ C3+ A2+ D4\ E4\ F3+ B4\ B5\ B6\ E1/ F1/ A0\ @2/ H5\ H6\ G1/ H1/ E6\
@0/ @1/ @1/ A0/ @1/ E2\ C3+ A2+ D4\ E4\ F3+ B4\ B5\ B6\ E1/ F2+ @1\ B0/ H3/ H2/ G6\ H6\ G1\ D2+ F1+ F0/ E2+
@0/ @1/ @1/ A0/ @1/ E2\ C3+ A2+ D4\ E4\ F3+ B4\ B5\ B6\ E1/ F1/ F5\ G5\ B0\ H6/ H5/ F7/ D7+ C1+ E1/ G8+ A7+ C8\
@0/ @1/ @1/ A0/ @1/ E2\ C3+ A2+ D4\ E4\ F3+ B4\ B5\ B6\ E1/ F1/ F5\ G5\ @1\ C0+ G1/ H2\ F0\ D2\ E1+
@0/ @1/ @1/ A0/ @1/ E2\ C3+ A2+ D4\ E4\ F3+ B4\ B5\ B6\ E1/ F1/ F5\ G5\ @1\ C0+ G1/ H2\ F0\ D2\ D1+
@0/ @1/ @1/ A0/ @1/ E2\ C3+ A2+ D4\ E4\ F3+ B4\ B5\ B6\ E1/ F1/ A0\ @2/ G6\
@0/ @1/ @1/ A0/ @1/ E2\ C3+ A2+ D4\ E4\ F3+ B4\ B5\ B6\ E1/ F1/ F5\ G3\ @2/ B6/ C7\ E5+
@0/ @1/ B2/ A0\ @2/ C0/ D2\ E4\ E5\ E6+ F4+ G3\ G2\ B0\ A1+ E8\ F7\ G7\ H7+ F8+ C6\ B6/
@0/ @1/ B2/ A0\ @2/ C0/ D2\ E4\ E5\ E6+ F4+ G3\ G2\ B0\ A1+ E8\ F7\ G7\ H7+ F8+ C6\ H8\
@0+ A0+ @1\ A2+ C1\ A0\ @2/ C0/ D1/ E3\ C0\ B6\ B7\
@0+ A0+ @1\ A2+ C1\ A0\ @2/ C0/ D1/ E3\ C0\ B6\ @3\
@0+ A0+ @1\ A2+ C1\ A0\ @2/ C0/ D1/ E3\ C0\ B6\ D0/
@0+ A0+ @1\ A2+ C1\ A0\ @2/ C0/ D1/ E3\ C0\
@0+ B1+ B0/ A3\ C1/ A4/ @2/ C0\ A2+ 
@0+ A0+ @1\ @1\ D1\ B0\ B0+ D1\ E1\ A1\ @1+
@0+ B1/ @1+ @1\ A2/ @1\ A0\ B4\ D3+ @2/ B4+
@0+ A0+ @1\ C2\ @1/ A2/ E2/ E1/ E0+ F1/ @3/ B4\ E4\ D5+ A1\ @3+ A1+
@0+ B1+ B0+ A3+ C1\ B3\ @2/ A1/ E1/ C0/ A5/ 
@0+ A0+ @1\ C2\ @1/ A2/ E2/ E1/ E0+ F1/ @3/ B4\ E4\ D5+ A1\ @3+ C0/
@0+ A0+ @1\ B3\ C3\ D2\ C1+ E2+ 
@0/ B1\ A2/ A0/ A0/ C3+ A0\ @4+ D5\ A6\ A1+
@0/ B1\ A2/ A0/ A0/ C3+ A0\ @4+ D5\ A6\ B0+
@0/ B1\ A2/ A0/ A0/ C3+ A0\ @4+ D5\ A6\ E3+
@0/ B1\ A2/ A0/ A0/ C3+ A0\ @4+ D5\ A6\ E2+
@0+ B1+ B0+ A1\ C1\ A0\ @2/ C0/ D1/ E3\ D0\
@0/ @1/ A2/ @1\ B0/ D2+ B0\ A1\ A0\ @1\ A0\ @3/ D0+ E4+ B0\ A1\ @2/
@0/ @1/ A2/ @1\ B0/ D2+ B0\ A1\ A0\ @1\ A0\ @3/ D0+ E4+ B0\ A1\ @3/
@0+ B1+ B0+ A3+ @2\ @2\ B1+ C4\ D4\ A0+ B5+ C6/ C7/ B7/ A7/ @3+ E8\ F8\ F4\
@0/ @1/ B2/ C2/ @1/ A0/ B1+ @1\ B0/ B0/ B0/ A2/ A0+ 
@0/ @1/ B2/ A0\ @2/ C0/ D2\ E2\ A1/ @1/ F5\ G3+ E6+ @1\ D0+ A3/ A4/ B0+ A1+ F2\ F1/ G1+ A6+ A7+ A8\ D8\
@0/ @1/ @1/ B0+ B0/ D2\ B4\
@0+ B1+ B0\ A3/ @3/ C0/ D2\ B5\ D4+ 
@0+ B1+ B0\ A3/ @3/ C0/ D2\ B5\ C4+
