# white curve win
@0/ @1\ - A0/ B0\

# black curve win
@0/ @1\ C1\ -  B2\ C2/

# black curve win
@0/ B1+ C1\ - B2+

# white L
@0/ A2+ @2/ @2/ - A1\

# black edge
@0/ B1\ C1\ @1/ B2/ - A0\ D0/

